# JRE version: Java(TM) SE Runtime Environment (26.0+35) (build 26+35-2893)
# Java VM: Java HotSpot(TM) 64-Bit Server VM (26+35-2893, mixed mode, sharing, tiered, compressed oops, compressed class ptrs, g1 gc, windows-amd64)
GC Precious Log:
 CardTable entry size: 512
 Card Set container configuration: InlinePtr #cards 5 size 8 Array Of Cards #cards 10 size 36 Howl #buckets 4 coarsen threshold 1843 Howl Bitmap #cards 512 size 80 coarsen threshold 460 Card regions per heap region 1 cards per card region 2048
 CPUs: 4 total, 4 available
 Memory: 8098M
 Large Page Support: Disabled
 NUMA Support: Disabled
 Compressed Oops: Enabled (32-bit)
 Heap Region Size: 1M
 Heap Min Capacity: 8M
 Heap Initial Capacity: 8M
 Heap Max Capacity: 2026M
 Pre-touch: Disabled
 Parallel Workers: 4
 Concurrent Workers: 1
 Concurrent Refinement Workers: 4
 Periodic GC: Disabled
Heap:
 garbage-first heap   total reserved 2074624K, committed 101376K, used 54784K [0x0000000081600000, 0x0000000100000000)
  region size 1M, 31 eden (31M), 2 survivor (2M), 20 old (20M), 2 humongous (2M), 44 free (44M)
GC Heap Usage History (20 events):
Event: 0.401 {heap Before GC invocations=7 (full 0):
 garbage-first heap   total reserved 2074624K, committed 33792K, used 17244K [0x0000000081600000, 0x0000000100000000)
  region size 1M, 10 eden (10M), 1 survivor (1M), 6 old (6M), 2 humongous (2M), 14 free (14M)
}
Event: 0.403 {heap After GC invocations=8 (full 0):
 garbage-first heap   total reserved 2074624K, committed 33792K, used 9025K [0x0000000081600000, 0x0000000100000000)
  region size 1M, 0 eden (0M), 2 survivor (2M), 6 old (6M), 2 humongous (2M), 23 free (23M)
}
Event: 0.599 {heap Before GC invocations=8 (full 0):
 garbage-first heap   total reserved 2074624K, committed 33792K, used 20289K [0x0000000081600000, 0x0000000100000000)
  region size 1M, 11 eden (11M), 2 survivor (2M), 6 old (6M), 2 humongous (2M), 12 free (12M)
}
Event: 0.602 {heap After GC invocations=9 (full 0):
 garbage-first heap   total reserved 2074624K, committed 33792K, used 9606K [0x0000000081600000, 0x0000000100000000)
  region size 1M, 0 eden (0M), 2 survivor (2M), 6 old (6M), 2 humongous (2M), 23 free (23M)
}
Event: 0.850 {heap Before GC invocations=9 (full 0):
 garbage-first heap   total reserved 2074624K, committed 33792K, used 22918K [0x0000000081600000, 0x0000000100000000)
  region size 1M, 13 eden (13M), 2 survivor (2M), 6 old (6M), 2 humongous (2M), 10 free (10M)
}
Event: 0.853 {heap After GC invocations=10 (full 0):
 garbage-first heap   total reserved 2074624K, committed 33792K, used 10259K [0x0000000081600000, 0x0000000100000000)
  region size 1M, 0 eden (0M), 2 survivor (2M), 7 old (7M), 2 humongous (2M), 22 free (22M)
}
Event: 1.308 {heap Before GC invocations=10 (full 0):
 garbage-first heap   total reserved 2074624K, committed 33792K, used 24595K [0x0000000081600000, 0x0000000100000000)
  region size 1M, 14 eden (14M), 2 survivor (2M), 7 old (7M), 2 humongous (2M), 8 free (8M)
}
Event: 1.312 {heap After GC invocations=11 (full 0):
 garbage-first heap   total reserved 2074624K, committed 33792K, used 11656K [0x0000000081600000, 0x0000000100000000)
  region size 1M, 0 eden (0M), 2 survivor (2M), 8 old (8M), 2 humongous (2M), 21 free (21M)
}
Event: 1.636 {heap Before GC invocations=11 (full 0):
 garbage-first heap   total reserved 2074624K, committed 33792K, used 25992K [0x0000000081600000, 0x0000000100000000)
  region size 1M, 14 eden (14M), 2 survivor (2M), 8 old (8M), 2 humongous (2M), 7 free (7M)
}
Event: 1.641 {heap After GC invocations=12 (full 0):
 garbage-first heap   total reserved 2074624K, committed 33792K, used 12997K [0x0000000081600000, 0x0000000100000000)
  region size 1M, 0 eden (0M), 2 survivor (2M), 10 old (10M), 2 humongous (2M), 19 free (19M)
}
Event: 1.820 {heap Before GC invocations=12 (full 0):
 garbage-first heap   total reserved 2074624K, committed 33792K, used 26309K [0x0000000081600000, 0x0000000100000000)
  region size 1M, 13 eden (13M), 2 survivor (2M), 10 old (10M), 2 humongous (2M), 6 free (6M)
}
Event: 1.823 {heap After GC invocations=13 (full 0):
 garbage-first heap   total reserved 2074624K, committed 33792K, used 13668K [0x0000000081600000, 0x0000000100000000)
  region size 1M, 0 eden (0M), 1 survivor (1M), 11 old (11M), 2 humongous (2M), 19 free (19M)
}
Event: 1.936 {heap Before GC invocations=13 (full 0):
 garbage-first heap   total reserved 2074624K, committed 33792K, used 21860K [0x0000000081600000, 0x0000000100000000)
  region size 1M, 10 eden (10M), 1 survivor (1M), 11 old (11M), 2 humongous (2M), 9 free (9M)
}
Event: 1.939 {heap After GC invocations=14 (full 0):
 garbage-first heap   total reserved 2074624K, committed 101376K, used 15169K [0x0000000081600000, 0x0000000100000000)
  region size 1M, 0 eden (0M), 2 survivor (2M), 12 old (12M), 2 humongous (2M), 83 free (83M)
}
Event: 3.392 {heap Before GC invocations=15 (full 0):
 garbage-first heap   total reserved 2074624K, committed 101376K, used 72513K [0x0000000081600000, 0x0000000100000000)
  region size 1M, 57 eden (57M), 2 survivor (2M), 12 old (12M), 2 humongous (2M), 26 free (26M)
}
Event: 3.402 {heap After GC invocations=16 (full 0):
 garbage-first heap   total reserved 2074624K, committed 101376K, used 21939K [0x0000000081600000, 0x0000000100000000)
  region size 1M, 0 eden (0M), 8 survivor (8M), 12 old (12M), 2 humongous (2M), 77 free (77M)
}
Event: 3.958 {heap Before GC invocations=16 (full 0):
 garbage-first heap   total reserved 2074624K, committed 101376K, used 47539K [0x0000000081600000, 0x0000000100000000)
  region size 1M, 26 eden (26M), 8 survivor (8M), 12 old (12M), 2 humongous (2M), 51 free (51M)
}
Event: 3.971 {heap After GC invocations=17 (full 0):
 garbage-first heap   total reserved 2074624K, committed 101376K, used 24576K [0x0000000081600000, 0x0000000100000000)
  region size 1M, 0 eden (0M), 3 survivor (3M), 20 old (20M), 2 humongous (2M), 74 free (74M)
}
Event: 4.010 {heap Before GC invocations=17 (full 0):
 garbage-first heap   total reserved 2074624K, committed 101376K, used 25600K [0x0000000081600000, 0x0000000100000000)
  region size 1M, 2 eden (2M), 3 survivor (3M), 20 old (20M), 2 humongous (2M), 72 free (72M)
}
Event: 4.013 {heap After GC invocations=18 (full 0):
 garbage-first heap   total reserved 2074624K, committed 101376K, used 24064K [0x0000000081600000, 0x0000000100000000)
  region size 1M, 0 eden (0M), 2 survivor (2M), 20 old (20M), 2 humongous (2M), 75 free (75M)
}

