# JRE version: Java(TM) SE Runtime Environment (26.0+35) (build 26+35-2893)
# Java VM: Java HotSpot(TM) 64-Bit Server VM (26+35-2893, mixed mode, sharing, tiered, compressed oops, compressed class ptrs, g1 gc, windows-amd64)
GC Precious Log:
 CardTable entry size: 512
 Card Set container configuration: InlinePtr #cards 5 size 8 Array Of Cards #cards 10 size 36 Howl #buckets 4 coarsen threshold 1843 Howl Bitmap #cards 512 size 80 coarsen threshold 460 Card regions per heap region 1 cards per card region 2048
 CPUs: 4 total, 4 available
 Memory: 8098M
 Large Page Support: Disabled
 NUMA Support: Disabled
 Compressed Oops: Enabled (32-bit)
 Heap Region Size: 1M
 Heap Min Capacity: 8M
 Heap Initial Capacity: 8M
 Heap Max Capacity: 2026M
 Pre-touch: Disabled
 Parallel Workers: 4
 Concurrent Workers: 1
 Concurrent Refinement Workers: 4
 Periodic GC: Disabled
Heap:
 garbage-first heap   total reserved 2074624K, committed 67584K, used 48241K [0x0000000081600000, 0x0000000100000000)
  region size 1M, 0 eden (0M), 2 survivor (2M), 39 old (39M), 7 humongous (7M), 18 free (18M)
GC Heap Usage History (20 events):
Event: 3.964 {heap After GC invocations=18 (full 0):
 garbage-first heap   total reserved 2074624K, committed 22528K, used 15795K [0x0000000081600000, 0x0000000100000000)
  region size 1M, 0 eden (0M), 1 survivor (1M), 15 old (15M), 0 humongous (0M), 6 free (6M)
}
Event: 4.048 {heap Before GC invocations=19 (full 0):
 garbage-first heap   total reserved 2074624K, committed 22528K, used 18867K [0x0000000081600000, 0x0000000100000000)
  region size 1M, 3 eden (3M), 1 survivor (1M), 15 old (15M), 0 humongous (0M), 3 free (3M)
}
Event: 4.051 {heap After GC invocations=20 (full 0):
 garbage-first heap   total reserved 2074624K, committed 67584K, used 16136K [0x0000000081600000, 0x0000000100000000)
  region size 1M, 0 eden (0M), 1 survivor (1M), 16 old (16M), 0 humongous (0M), 49 free (49M)
}
Event: 5.462 {heap Before GC invocations=20 (full 0):
 garbage-first heap   total reserved 2074624K, committed 67584K, used 48904K [0x0000000081600000, 0x0000000100000000)
  region size 1M, 33 eden (33M), 1 survivor (1M), 16 old (16M), 0 humongous (0M), 16 free (16M)
}
Event: 5.469 {heap After GC invocations=21 (full 0):
 garbage-first heap   total reserved 2074624K, committed 67584K, used 19838K [0x0000000081600000, 0x0000000100000000)
  region size 1M, 0 eden (0M), 5 survivor (5M), 16 old (16M), 0 humongous (0M), 45 free (45M)
}
Event: 5.976 {heap Before GC invocations=21 (full 0):
 garbage-first heap   total reserved 2074624K, committed 67584K, used 53630K [0x0000000081600000, 0x0000000100000000)
  region size 1M, 33 eden (33M), 5 survivor (5M), 16 old (16M), 0 humongous (0M), 12 free (12M)
}
Event: 5.981 {heap After GC invocations=22 (full 0):
 garbage-first heap   total reserved 2074624K, committed 67584K, used 20724K [0x0000000081600000, 0x0000000100000000)
  region size 1M, 0 eden (0M), 2 survivor (2M), 19 old (19M), 0 humongous (0M), 45 free (45M)
}
Event: 8.640 {heap Before GC invocations=22 (full 0):
 garbage-first heap   total reserved 2074624K, committed 67584K, used 60660K [0x0000000081600000, 0x0000000100000000)
  region size 1M, 35 eden (35M), 2 survivor (2M), 19 old (19M), 4 humongous (4M), 6 free (6M)
}
Event: 8.646 {heap After GC invocations=23 (full 0):
 garbage-first heap   total reserved 2074624K, committed 67584K, used 27500K [0x0000000081600000, 0x0000000100000000)
  region size 1M, 0 eden (0M), 5 survivor (5M), 19 old (19M), 3 humongous (3M), 39 free (39M)
}
Event: 8.898 {heap Before GC invocations=23 (full 0):
 garbage-first heap   total reserved 2074624K, committed 67584K, used 40812K [0x0000000081600000, 0x0000000100000000)
  region size 1M, 11 eden (11M), 5 survivor (5M), 19 old (19M), 6 humongous (6M), 25 free (25M)
}
Event: 8.911 {heap After GC invocations=24 (full 0):
 garbage-first heap   total reserved 2074624K, committed 67584K, used 36864K [0x0000000081600000, 0x0000000100000000)
  region size 1M, 0 eden (0M), 5 survivor (5M), 25 old (25M), 6 humongous (6M), 30 free (30M)
}
Event: 9.476 {heap Before GC invocations=25 (full 0):
 garbage-first heap   total reserved 2074624K, committed 67584K, used 52224K [0x0000000081600000, 0x0000000100000000)
  region size 1M, 15 eden (15M), 5 survivor (5M), 25 old (25M), 7 humongous (7M), 14 free (14M)
}
Event: 9.487 {heap After GC invocations=26 (full 0):
 garbage-first heap   total reserved 2074624K, committed 67584K, used 42496K [0x0000000081600000, 0x0000000100000000)
  region size 1M, 0 eden (0M), 3 survivor (3M), 32 old (32M), 7 humongous (7M), 24 free (24M)
}
Event: 9.533 {heap Before GC invocations=26 (full 0):
 garbage-first heap   total reserved 2074624K, committed 67584K, used 54784K [0x0000000081600000, 0x0000000100000000)
  region size 1M, 12 eden (12M), 3 survivor (3M), 32 old (32M), 7 humongous (7M), 12 free (12M)
}
Event: 9.539 {heap After GC invocations=27 (full 0):
 garbage-first heap   total reserved 2074624K, committed 67584K, used 45568K [0x0000000081600000, 0x0000000100000000)
  region size 1M, 0 eden (0M), 2 survivor (2M), 36 old (36M), 7 humongous (7M), 21 free (21M)
}
Event: 9.681 {heap Before GC invocations=27 (full 0):
 garbage-first heap   total reserved 2074624K, committed 67584K, used 56832K [0x0000000081600000, 0x0000000100000000)
  region size 1M, 11 eden (11M), 2 survivor (2M), 36 old (36M), 7 humongous (7M), 10 free (10M)
}
Event: 9.686 {heap After GC invocations=28 (full 0):
 garbage-first heap   total reserved 2074624K, committed 67584K, used 49048K [0x0000000081600000, 0x0000000100000000)
  region size 1M, 0 eden (0M), 2 survivor (2M), 39 old (39M), 7 humongous (7M), 18 free (18M)
}
Event: 10.023 {heap Before GC invocations=29 (full 0):
 garbage-first heap   total reserved 2074624K, committed 67584K, used 57240K [0x0000000081600000, 0x0000000100000000)
  region size 1M, 9 eden (9M), 2 survivor (2M), 38 old (38M), 7 humongous (7M), 10 free (10M)
}
Event: 10.028 {heap After GC invocations=30 (full 0):
 garbage-first heap   total reserved 2074624K, committed 67584K, used 49152K [0x0000000081600000, 0x0000000100000000)
  region size 1M, 0 eden (0M), 1 survivor (1M), 40 old (40M), 7 humongous (7M), 18 free (18M)
}
Event: 10.601 {heap Before GC invocations=30 (full 0):
 garbage-first heap   total reserved 2074624K, committed 67584K, used 58368K [0x0000000081600000, 0x0000000100000000)
  region size 1M, 10 eden (10M), 1 survivor (1M), 40 old (40M), 7 humongous (7M), 8 free (8M)
}

