# JRE version: OpenJDK Runtime Environment Temurin-21.0.10+7 (21.0.10+7) (build 21.0.10+7-LTS)
# Java VM: OpenJDK 64-Bit Server VM Temurin-21.0.10+7 (21.0.10+7-LTS, mixed mode, sharing, tiered, compressed oops, compressed class ptrs, parallel gc, windows-amd64)
GC Precious Log:
 CardTable entry size: 512
 CPUs: 4 total, 4 available
 Memory: 8098M
 Large Page Support: Disabled
 NUMA Support: Disabled
 Compressed Oops: Enabled (32-bit)
 Alignments: Space 512K, Generation 512K, Heap 2M
 Heap Min Capacity: 100M
 Heap Initial Capacity: 100M
 Heap Max Capacity: 2G
 Pre-touch: Disabled
 Parallel Workers: 4
Heap:
 PSYoungGen      total 5120K, used 3973K [0x00000000d5580000, 0x00000000d5c80000, 0x0000000100000000)
  eden space 4096K, 82% used [0x00000000d5580000,0x00000000d58cb308,0x00000000d5980000)
  from space 1024K, 58% used [0x00000000d5b80000,0x00000000d5c16470,0x00000000d5c80000)
  to   space 1024K, 0% used [0x00000000d5a80000,0x00000000d5a80000,0x00000000d5b80000)
 ParOldGen       total 86528K, used 78335K [0x0000000080000000, 0x0000000085480000, 0x00000000d5580000)
  object space 86528K, 90% used [0x0000000080000000,0x0000000084c7fe20,0x0000000085480000)
 Metaspace       used 26209K, committed 27264K, reserved 1114112K
  class space    used 2442K, committed 2880K, reserved 1048576K
GC Heap History (20 events):
Event: 23.520 GC heap before
{Heap before GC invocations=96 (full 1):
 PSYoungGen      total 7680K, used 7287K [0x00000000d5580000, 0x00000000d5e80000, 0x0000000100000000)
  eden space 6656K, 99% used [0x00000000d5580000,0x00000000d5bf4760,0x00000000d5c00000)
  from space 1024K, 66% used [0x00000000d5d80000,0x00000000d5e29810,0x00000000d5e80000)
  to   space 1024K, 0% used [0x00000000d5c80000,0x00000000d5c80000,0x00000000d5d80000)
 ParOldGen       total 86528K, used 73982K [0x0000000080000000, 0x0000000085480000, 0x00000000d5580000)
  object space 86528K, 85% used [0x0000000080000000,0x000000008483f8a0,0x0000000085480000)
 Metaspace       used 22618K, committed 23552K, reserved 1114112K
  class space    used 2074K, committed 2432K, reserved 1048576K
}
Event: 23.521 GC heap after
{Heap after GC invocations=96 (full 1):
 PSYoungGen      total 7680K, used 1019K [0x00000000d5580000, 0x00000000d5f00000, 0x0000000100000000)
  eden space 6656K, 0% used [0x00000000d5580000,0x00000000d5580000,0x00000000d5c00000)
  from space 1024K, 99% used [0x00000000d5c80000,0x00000000d5d7efc8,0x00000000d5d80000)
  to   space 1536K, 0% used [0x00000000d5d80000,0x00000000d5d80000,0x00000000d5f00000)
 ParOldGen       total 86528K, used 74123K [0x0000000080000000, 0x0000000085480000, 0x00000000d5580000)
  object space 86528K, 85% used [0x0000000080000000,0x0000000084862f60,0x0000000085480000)
 Metaspace       used 22618K, committed 23552K, reserved 1114112K
  class space    used 2074K, committed 2432K, reserved 1048576K
}
Event: 23.557 GC heap before
{Heap before GC invocations=97 (full 1):
 PSYoungGen      total 7680K, used 7626K [0x00000000d5580000, 0x00000000d5f00000, 0x0000000100000000)
  eden space 6656K, 99% used [0x00000000d5580000,0x00000000d5bf3ab8,0x00000000d5c00000)
  from space 1024K, 99% used [0x00000000d5c80000,0x00000000d5d7efc8,0x00000000d5d80000)
  to   space 1536K, 0% used [0x00000000d5d80000,0x00000000d5d80000,0x00000000d5f00000)
 ParOldGen       total 86528K, used 74123K [0x0000000080000000, 0x0000000085480000, 0x00000000d5580000)
  object space 86528K, 85% used [0x0000000080000000,0x0000000084862f60,0x0000000085480000)
 Metaspace       used 22623K, committed 23552K, reserved 1114112K
  class space    used 2074K, committed 2432K, reserved 1048576K
}
Event: 23.558 GC heap after
{Heap after GC invocations=97 (full 1):
 PSYoungGen      total 7680K, used 937K [0x00000000d5580000, 0x00000000d5e80000, 0x0000000100000000)
  eden space 6656K, 0% used [0x00000000d5580000,0x00000000d5580000,0x00000000d5c00000)
  from space 1024K, 91% used [0x00000000d5d80000,0x00000000d5e6a6c0,0x00000000d5e80000)
  to   space 1024K, 0% used [0x00000000d5c80000,0x00000000d5c80000,0x00000000d5d80000)
 ParOldGen       total 86528K, used 74321K [0x0000000080000000, 0x0000000085480000, 0x00000000d5580000)
  object space 86528K, 85% used [0x0000000080000000,0x0000000084894620,0x0000000085480000)
 Metaspace       used 22623K, committed 23552K, reserved 1114112K
  class space    used 2074K, committed 2432K, reserved 1048576K
}
Event: 23.580 GC heap before
{Heap before GC invocations=98 (full 1):
 PSYoungGen      total 7680K, used 7568K [0x00000000d5580000, 0x00000000d5e80000, 0x0000000100000000)
  eden space 6656K, 99% used [0x00000000d5580000,0x00000000d5bf9c70,0x00000000d5c00000)
  from space 1024K, 91% used [0x00000000d5d80000,0x00000000d5e6a6c0,0x00000000d5e80000)
  to   space 1024K, 0% used [0x00000000d5c80000,0x00000000d5c80000,0x00000000d5d80000)
 ParOldGen       total 86528K, used 74321K [0x0000000080000000, 0x0000000085480000, 0x00000000d5580000)
  object space 86528K, 85% used [0x0000000080000000,0x0000000084894620,0x0000000085480000)
 Metaspace       used 22627K, committed 23552K, reserved 1114112K
  class space    used 2074K, committed 2432K, reserved 1048576K
}
Event: 23.581 GC heap after
{Heap after GC invocations=98 (full 1):
 PSYoungGen      total 7168K, used 365K [0x00000000d5580000, 0x00000000d5e00000, 0x0000000100000000)
  eden space 6656K, 0% used [0x00000000d5580000,0x00000000d5580000,0x00000000d5c00000)
  from space 512K, 71% used [0x00000000d5c80000,0x00000000d5cdb690,0x00000000d5d00000)
  to   space 1024K, 0% used [0x00000000d5d00000,0x00000000d5d00000,0x00000000d5e00000)
 ParOldGen       total 86528K, used 74337K [0x0000000080000000, 0x0000000085480000, 0x00000000d5580000)
  object space 86528K, 85% used [0x0000000080000000,0x0000000084898620,0x0000000085480000)
 Metaspace       used 22627K, committed 23552K, reserved 1114112K
  class space    used 2074K, committed 2432K, reserved 1048576K
}
Event: 23.589 GC heap before
{Heap before GC invocations=99 (full 1):
 PSYoungGen      total 7168K, used 7021K [0x00000000d5580000, 0x00000000d5e00000, 0x0000000100000000)
  eden space 6656K, 100% used [0x00000000d5580000,0x00000000d5c00000,0x00000000d5c00000)
  from space 512K, 71% used [0x00000000d5c80000,0x00000000d5cdb690,0x00000000d5d00000)
  to   space 1024K, 0% used [0x00000000d5d00000,0x00000000d5d00000,0x00000000d5e00000)
 ParOldGen       total 86528K, used 74337K [0x0000000080000000, 0x0000000085480000, 0x00000000d5580000)
  object space 86528K, 85% used [0x0000000080000000,0x0000000084898620,0x0000000085480000)
 Metaspace       used 22635K, committed 23552K, reserved 1114112K
  class space    used 2075K, committed 2432K, reserved 1048576K
}
Event: 23.590 GC heap after
{Heap after GC invocations=99 (full 1):
 PSYoungGen      total 7168K, used 991K [0x00000000d5580000, 0x00000000d5f00000, 0x0000000100000000)
  eden space 6144K, 0% used [0x00000000d5580000,0x00000000d5580000,0x00000000d5b80000)
  from space 1024K, 96% used [0x00000000d5d00000,0x00000000d5df7d90,0x00000000d5e00000)
  to   space 1536K, 0% used [0x00000000d5b80000,0x00000000d5b80000,0x00000000d5d00000)
 ParOldGen       total 86528K, used 74377K [0x0000000080000000, 0x0000000085480000, 0x00000000d5580000)
  object space 86528K, 85% used [0x0000000080000000,0x00000000848a2620,0x0000000085480000)
 Metaspace       used 22635K, committed 23552K, reserved 1114112K
  class space    used 2075K, committed 2432K, reserved 1048576K
}
Event: 23.640 GC heap before
{Heap before GC invocations=100 (full 1):
 PSYoungGen      total 7168K, used 7135K [0x00000000d5580000, 0x00000000d5f00000, 0x0000000100000000)
  eden space 6144K, 100% used [0x00000000d5580000,0x00000000d5b80000,0x00000000d5b80000)
  from space 1024K, 96% used [0x00000000d5d00000,0x00000000d5df7d90,0x00000000d5e00000)
  to   space 1536K, 0% used [0x00000000d5b80000,0x00000000d5b80000,0x00000000d5d00000)
 ParOldGen       total 86528K, used 74377K [0x0000000080000000, 0x0000000085480000, 0x00000000d5580000)
  object space 86528K, 85% used [0x0000000080000000,0x00000000848a2620,0x0000000085480000)
 Metaspace       used 23617K, committed 24640K, reserved 1114112K
  class space    used 2161K, committed 2560K, reserved 1048576K
}
Event: 23.642 GC heap after
{Heap after GC invocations=100 (full 1):
 PSYoungGen      total 6656K, used 512K [0x00000000d5580000, 0x00000000d5d80000, 0x0000000100000000)
  eden space 6144K, 0% used [0x00000000d5580000,0x00000000d5580000,0x00000000d5b80000)
  from space 512K, 100% used [0x00000000d5b80000,0x00000000d5c00000,0x00000000d5c00000)
  to   space 1024K, 0% used [0x00000000d5c80000,0x00000000d5c80000,0x00000000d5d80000)
 ParOldGen       total 86528K, used 74422K [0x0000000080000000, 0x0000000085480000, 0x00000000d5580000)
  object space 86528K, 86% used [0x0000000080000000,0x00000000848ad8b8,0x0000000085480000)
 Metaspace       used 23617K, committed 24640K, reserved 1114112K
  class space    used 2161K, committed 2560K, reserved 1048576K
}
Event: 23.695 GC heap before
{Heap before GC invocations=101 (full 1):
 PSYoungGen      total 6656K, used 6656K [0x00000000d5580000, 0x00000000d5d80000, 0x0000000100000000)
  eden space 6144K, 100% used [0x00000000d5580000,0x00000000d5b80000,0x00000000d5b80000)
  from space 512K, 100% used [0x00000000d5b80000,0x00000000d5c00000,0x00000000d5c00000)
  to   space 1024K, 0% used [0x00000000d5c80000,0x00000000d5c80000,0x00000000d5d80000)
 ParOldGen       total 86528K, used 74422K [0x0000000080000000, 0x0000000085480000, 0x00000000d5580000)
  object space 86528K, 86% used [0x0000000080000000,0x00000000848ad8b8,0x0000000085480000)
 Metaspace       used 23974K, committed 24960K, reserved 1114112K
  class space    used 2196K, committed 2560K, reserved 1048576K
}
Event: 23.698 GC heap after
{Heap after GC invocations=101 (full 1):
 PSYoungGen      total 5120K, used 1020K [0x00000000d5580000, 0x00000000d6180000, 0x0000000100000000)
  eden space 4096K, 0% used [0x00000000d5580000,0x00000000d5580000,0x00000000d5980000)
  from space 1024K, 99% used [0x00000000d5c80000,0x00000000d5d7f308,0x00000000d5d80000)
  to   space 3072K, 0% used [0x00000000d5980000,0x00000000d5980000,0x00000000d5c80000)
 ParOldGen       total 86528K, used 75855K [0x0000000080000000, 0x0000000085480000, 0x00000000d5580000)
  object space 86528K, 87% used [0x0000000080000000,0x0000000084a13de8,0x0000000085480000)
 Metaspace       used 23974K, committed 24960K, reserved 1114112K
  class space    used 2196K, committed 2560K, reserved 1048576K
}
Event: 23.783 GC heap before
{Heap before GC invocations=102 (full 1):
 PSYoungGen      total 5120K, used 5116K [0x00000000d5580000, 0x00000000d6180000, 0x0000000100000000)
  eden space 4096K, 99% used [0x00000000d5580000,0x00000000d597ffe8,0x00000000d5980000)
  from space 1024K, 99% used [0x00000000d5c80000,0x00000000d5d7f308,0x00000000d5d80000)
  to   space 3072K, 0% used [0x00000000d5980000,0x00000000d5980000,0x00000000d5c80000)
 ParOldGen       total 86528K, used 75855K [0x0000000080000000, 0x0000000085480000, 0x00000000d5580000)
  object space 86528K, 87% used [0x0000000080000000,0x0000000084a13de8,0x0000000085480000)
 Metaspace       used 24228K, committed 25280K, reserved 1114112K
  class space    used 2221K, committed 2624K, reserved 1048576K
}
Event: 23.785 GC heap after
{Heap after GC invocations=102 (full 1):
 PSYoungGen      total 5120K, used 704K [0x00000000d5580000, 0x00000000d5d00000, 0x0000000100000000)
  eden space 4096K, 0% used [0x00000000d5580000,0x00000000d5580000,0x00000000d5980000)
  from space 1024K, 68% used [0x00000000d5980000,0x00000000d5a30000,0x00000000d5a80000)
  to   space 1536K, 0% used [0x00000000d5b80000,0x00000000d5b80000,0x00000000d5d00000)
 ParOldGen       total 86528K, used 76141K [0x0000000080000000, 0x0000000085480000, 0x00000000d5580000)
  object space 86528K, 87% used [0x0000000080000000,0x0000000084a5b4d8,0x0000000085480000)
 Metaspace       used 24228K, committed 25280K, reserved 1114112K
  class space    used 2221K, committed 2624K, reserved 1048576K
}
Event: 23.899 GC heap before
{Heap before GC invocations=103 (full 1):
 PSYoungGen      total 5120K, used 4799K [0x00000000d5580000, 0x00000000d5d00000, 0x0000000100000000)
  eden space 4096K, 99% used [0x00000000d5580000,0x00000000d597fca0,0x00000000d5980000)
  from space 1024K, 68% used [0x00000000d5980000,0x00000000d5a30000,0x00000000d5a80000)
  to   space 1536K, 0% used [0x00000000d5b80000,0x00000000d5b80000,0x00000000d5d00000)
 ParOldGen       total 86528K, used 76141K [0x0000000080000000, 0x0000000085480000, 0x00000000d5580000)
  object space 86528K, 87% used [0x0000000080000000,0x0000000084a5b4d8,0x0000000085480000)
 Metaspace       used 24455K, committed 25536K, reserved 1114112K
  class space    used 2239K, committed 2688K, reserved 1048576K
}
Event: 23.902 GC heap after
{Heap after GC invocations=103 (full 1):
 PSYoungGen      total 4608K, used 448K [0x00000000d5580000, 0x00000000d5c00000, 0x0000000100000000)
  eden space 4096K, 0% used [0x00000000d5580000,0x00000000d5580000,0x00000000d5980000)
  from space 512K, 87% used [0x00000000d5b80000,0x00000000d5bf0000,0x00000000d5c00000)
  to   space 1024K, 0% used [0x00000000d5a00000,0x00000000d5a00000,0x00000000d5b00000)
 ParOldGen       total 86528K, used 76797K [0x0000000080000000, 0x0000000085480000, 0x00000000d5580000)
  object space 86528K, 88% used [0x0000000080000000,0x0000000084aff4d8,0x0000000085480000)
 Metaspace       used 24455K, committed 25536K, reserved 1114112K
  class space    used 2239K, committed 2688K, reserved 1048576K
}
Event: 23.946 GC heap before
{Heap before GC invocations=104 (full 1):
 PSYoungGen      total 4608K, used 4544K [0x00000000d5580000, 0x00000000d5c00000, 0x0000000100000000)
  eden space 4096K, 100% used [0x00000000d5580000,0x00000000d5980000,0x00000000d5980000)
  from space 512K, 87% used [0x00000000d5b80000,0x00000000d5bf0000,0x00000000d5c00000)
  to   space 1024K, 0% used [0x00000000d5a00000,0x00000000d5a00000,0x00000000d5b00000)
 ParOldGen       total 86528K, used 76797K [0x0000000080000000, 0x0000000085480000, 0x00000000d5580000)
  object space 86528K, 88% used [0x0000000080000000,0x0000000084aff4d8,0x0000000085480000)
 Metaspace       used 25220K, committed 26240K, reserved 1114112K
  class space    used 2331K, committed 2752K, reserved 1048576K
}
Event: 23.947 GC heap after
{Heap after GC invocations=104 (full 1):
 PSYoungGen      total 5120K, used 352K [0x00000000d5580000, 0x00000000d5c00000, 0x0000000100000000)
  eden space 4096K, 0% used [0x00000000d5580000,0x00000000d5580000,0x00000000d5980000)
  from space 1024K, 34% used [0x00000000d5a00000,0x00000000d5a58000,0x00000000d5b00000)
  to   space 512K, 0% used [0x00000000d5b80000,0x00000000d5b80000,0x00000000d5c00000)
 ParOldGen       total 86528K, used 77165K [0x0000000080000000, 0x0000000085480000, 0x00000000d5580000)
  object space 86528K, 89% used [0x0000000080000000,0x0000000084b5b4d8,0x0000000085480000)
 Metaspace       used 25220K, committed 26240K, reserved 1114112K
  class space    used 2331K, committed 2752K, reserved 1048576K
}
Event: 24.001 GC heap before
{Heap before GC invocations=105 (full 1):
 PSYoungGen      total 5120K, used 4442K [0x00000000d5580000, 0x00000000d5c00000, 0x0000000100000000)
  eden space 4096K, 99% used [0x00000000d5580000,0x00000000d597ebd8,0x00000000d5980000)
  from space 1024K, 34% used [0x00000000d5a00000,0x00000000d5a58000,0x00000000d5b00000)
  to   space 512K, 0% used [0x00000000d5b80000,0x00000000d5b80000,0x00000000d5c00000)
 ParOldGen       total 86528K, used 77165K [0x0000000080000000, 0x0000000085480000, 0x00000000d5580000)
  object space 86528K, 89% used [0x0000000080000000,0x0000000084b5b4d8,0x0000000085480000)
 Metaspace       used 25642K, committed 26624K, reserved 1114112K
  class space    used 2382K, committed 2752K, reserved 1048576K
}
Event: 24.003 GC heap after
{Heap after GC invocations=105 (full 1):
 PSYoungGen      total 4608K, used 457K [0x00000000d5580000, 0x00000000d5c00000, 0x0000000100000000)
  eden space 4096K, 0% used [0x00000000d5580000,0x00000000d5580000,0x00000000d5980000)
  from space 512K, 89% used [0x00000000d5b80000,0x00000000d5bf2618,0x00000000d5c00000)
  to   space 512K, 0% used [0x00000000d5b00000,0x00000000d5b00000,0x00000000d5b80000)
 ParOldGen       total 86528K, used 77428K [0x0000000080000000, 0x0000000085480000, 0x00000000d5580000)
  object space 86528K, 89% used [0x0000000080000000,0x0000000084b9d368,0x0000000085480000)
 Metaspace       used 25642K, committed 26624K, reserved 1114112K
  class space    used 2382K, committed 2752K, reserved 1048576K
}

