# JRE version: Java(TM) SE Runtime Environment (26.0+35) (build 26+35-2893)
# Java VM: Java HotSpot(TM) 64-Bit Server VM (26+35-2893, mixed mode, sharing, tiered, compressed oops, compressed class ptrs, g1 gc, windows-amd64)
GC Precious Log:
 CardTable entry size: 512
 Card Set container configuration: InlinePtr #cards 5 size 8 Array Of Cards #cards 10 size 36 Howl #buckets 4 coarsen threshold 1843 Howl Bitmap #cards 512 size 80 coarsen threshold 460 Card regions per heap region 1 cards per card region 2048
 CPUs: 4 total, 4 available
 Memory: 8098M
 Large Page Support: Disabled
 NUMA Support: Disabled
 Compressed Oops: Enabled (32-bit)
 Heap Region Size: 1M
 Heap Min Capacity: 8M
 Heap Initial Capacity: 8M
 Heap Max Capacity: 2026M
 Pre-touch: Disabled
 Parallel Workers: 4
 Concurrent Workers: 1
 Concurrent Refinement Workers: 4
 Periodic GC: Disabled
Heap:
 garbage-first heap   total reserved 2074624K, committed 64512K, used 53603K [0x0000000081600000, 0x0000000100000000)
  region size 1M, 24 eden (24M), 3 survivor (3M), 21 old (21M), 6 humongous (6M), 9 free (9M)
GC Heap Usage History (20 events):
Event: 0.782 {heap Before GC invocations=6 (full 0):
 garbage-first heap   total reserved 2074624K, committed 18432K, used 12141K [0x0000000081600000, 0x0000000100000000)
  region size 1M, 7 eden (7M), 2 survivor (2M), 5 old (5M), 0 humongous (0M), 4 free (4M)
}
Event: 0.784 {heap After GC invocations=7 (full 0):
 garbage-first heap   total reserved 2074624K, committed 30720K, used 5253K [0x0000000081600000, 0x0000000100000000)
  region size 1M, 0 eden (0M), 1 survivor (1M), 5 old (5M), 0 humongous (0M), 24 free (24M)
}
Event: 1.097 {heap Before GC invocations=7 (full 0):
 garbage-first heap   total reserved 2074624K, committed 30720K, used 20613K [0x0000000081600000, 0x0000000100000000)
  region size 1M, 16 eden (16M), 1 survivor (1M), 5 old (5M), 0 humongous (0M), 8 free (8M)
}
Event: 1.100 {heap After GC invocations=8 (full 0):
 garbage-first heap   total reserved 2074624K, committed 30720K, used 6695K [0x0000000081600000, 0x0000000100000000)
  region size 1M, 0 eden (0M), 3 survivor (3M), 5 old (5M), 0 humongous (0M), 22 free (22M)
}
Event: 1.473 {heap Before GC invocations=8 (full 0):
 garbage-first heap   total reserved 2074624K, committed 30720K, used 21031K [0x0000000081600000, 0x0000000100000000)
  region size 1M, 15 eden (15M), 3 survivor (3M), 5 old (5M), 0 humongous (0M), 7 free (7M)
}
Event: 1.479 {heap After GC invocations=9 (full 0):
 garbage-first heap   total reserved 2074624K, committed 30720K, used 8322K [0x0000000081600000, 0x0000000100000000)
  region size 1M, 0 eden (0M), 3 survivor (3M), 6 old (6M), 0 humongous (0M), 21 free (21M)
}
Event: 1.698 {heap Before GC invocations=9 (full 0):
 garbage-first heap   total reserved 2074624K, committed 30720K, used 23682K [0x0000000081600000, 0x0000000100000000)
  region size 1M, 15 eden (15M), 3 survivor (3M), 6 old (6M), 0 humongous (0M), 6 free (6M)
}
Event: 1.705 {heap After GC invocations=10 (full 0):
 garbage-first heap   total reserved 2074624K, committed 31744K, used 10970K [0x0000000081600000, 0x0000000100000000)
  region size 1M, 0 eden (0M), 3 survivor (3M), 10 old (10M), 0 humongous (0M), 18 free (18M)
}
Event: 1.848 {heap Before GC invocations=10 (full 0):
 garbage-first heap   total reserved 2074624K, committed 31744K, used 24282K [0x0000000081600000, 0x0000000100000000)
  region size 1M, 13 eden (13M), 3 survivor (3M), 10 old (10M), 0 humongous (0M), 5 free (5M)
}
Event: 1.853 {heap After GC invocations=11 (full 0):
 garbage-first heap   total reserved 2074624K, committed 31744K, used 12944K [0x0000000081600000, 0x0000000100000000)
  region size 1M, 0 eden (0M), 2 survivor (2M), 12 old (12M), 0 humongous (0M), 17 free (17M)
}
Event: 2.002 {heap Before GC invocations=11 (full 0):
 garbage-first heap   total reserved 2074624K, committed 31744K, used 25232K [0x0000000081600000, 0x0000000100000000)
  region size 1M, 12 eden (12M), 2 survivor (2M), 12 old (12M), 0 humongous (0M), 5 free (5M)
}
Event: 2.007 {heap After GC invocations=12 (full 0):
 garbage-first heap   total reserved 2074624K, committed 64512K, used 16361K [0x0000000081600000, 0x0000000100000000)
  region size 1M, 0 eden (0M), 2 survivor (2M), 15 old (15M), 0 humongous (0M), 46 free (46M)
}
Event: 2.211 {heap Before GC invocations=12 (full 0):
 garbage-first heap   total reserved 2074624K, committed 64512K, used 24553K [0x0000000081600000, 0x0000000100000000)
  region size 1M, 9 eden (9M), 2 survivor (2M), 15 old (15M), 0 humongous (0M), 37 free (37M)
}
Event: 2.217 {heap After GC invocations=13 (full 0):
 garbage-first heap   total reserved 2074624K, committed 64512K, used 17679K [0x0000000081600000, 0x0000000100000000)
  region size 1M, 0 eden (0M), 4 survivor (4M), 15 old (15M), 0 humongous (0M), 44 free (44M)
}
Event: 2.903 {heap Before GC invocations=14 (full 0):
 garbage-first heap   total reserved 2074624K, committed 64512K, used 49423K [0x0000000081600000, 0x0000000100000000)
  region size 1M, 31 eden (31M), 4 survivor (4M), 15 old (15M), 0 humongous (0M), 13 free (13M)
}
Event: 2.910 {heap After GC invocations=15 (full 0):
 garbage-first heap   total reserved 2074624K, committed 64512K, used 20818K [0x0000000081600000, 0x0000000100000000)
  region size 1M, 0 eden (0M), 5 survivor (5M), 17 old (17M), 0 humongous (0M), 41 free (41M)
}
Event: 3.334 {heap Before GC invocations=15 (full 0):
 garbage-first heap   total reserved 2074624K, committed 64512K, used 48466K [0x0000000081600000, 0x0000000100000000)
  region size 1M, 27 eden (27M), 5 survivor (5M), 17 old (17M), 0 humongous (0M), 14 free (14M)
}
Event: 3.341 {heap After GC invocations=16 (full 0):
 garbage-first heap   total reserved 2074624K, committed 64512K, used 22393K [0x0000000081600000, 0x0000000100000000)
  region size 1M, 0 eden (0M), 2 survivor (2M), 21 old (21M), 0 humongous (0M), 40 free (40M)
}
Event: 3.792 {heap Before GC invocations=16 (full 0):
 garbage-first heap   total reserved 2074624K, committed 64512K, used 52089K [0x0000000081600000, 0x0000000100000000)
  region size 1M, 28 eden (28M), 2 survivor (2M), 21 old (21M), 1 humongous (1M), 11 free (11M)
}
Event: 3.797 {heap After GC invocations=17 (full 0):
 garbage-first heap   total reserved 2074624K, committed 64512K, used 23907K [0x0000000081600000, 0x0000000100000000)
  region size 1M, 0 eden (0M), 3 survivor (3M), 21 old (21M), 0 humongous (0M), 39 free (39M)
}

