# JRE version: OpenJDK Runtime Environment Temurin-21.0.10+7 (21.0.10+7) (build 21.0.10+7-LTS)
# Java VM: OpenJDK 64-Bit Server VM Temurin-21.0.10+7 (21.0.10+7-LTS, mixed mode, sharing, tiered, compressed oops, compressed class ptrs, parallel gc, windows-amd64)
GC Precious Log:
 CardTable entry size: 512
 CPUs: 4 total, 4 available
 Memory: 8098M
 Large Page Support: Disabled
 NUMA Support: Disabled
 Compressed Oops: Enabled (32-bit)
 Alignments: Space 512K, Generation 512K, Heap 2M
 Heap Min Capacity: 100M
 Heap Initial Capacity: 100M
 Heap Max Capacity: 2G
 Pre-touch: Disabled
 Parallel Workers: 4
Heap:
 PSYoungGen      total 25088K, used 23094K [0x00000000d5580000, 0x00000000d7100000, 0x0000000100000000)
  eden space 22016K, 90% used [0x00000000d5580000,0x00000000d690f280,0x00000000d6b00000)
  from space 3072K, 99% used [0x00000000d6e00000,0x00000000d70fe908,0x00000000d7100000)
  to   space 1536K, 0% used [0x00000000d6c00000,0x00000000d6c00000,0x00000000d6d80000)
 ParOldGen       total 68608K, used 33608K [0x0000000080000000, 0x0000000084300000, 0x00000000d5580000)
  object space 68608K, 48% used [0x0000000080000000,0x00000000820d22f0,0x0000000084300000)
 Metaspace       used 15773K, committed 16576K, reserved 1114112K
  class space    used 1428K, committed 1792K, reserved 1048576K
GC Heap History (20 events):
Event: 8.228 GC heap before
{Heap before GC invocations=9 (full 0):
 PSYoungGen      total 27136K, used 27129K [0x00000000d5580000, 0x00000000d7780000, 0x0000000100000000)
  eden space 23552K, 100% used [0x00000000d5580000,0x00000000d6c80000,0x00000000d6c80000)
  from space 3584K, 99% used [0x00000000d7380000,0x00000000d76fe6b0,0x00000000d7700000)
  to   space 5632K, 0% used [0x00000000d6c80000,0x00000000d6c80000,0x00000000d7200000)
 ParOldGen       total 68608K, used 11462K [0x0000000080000000, 0x0000000084300000, 0x00000000d5580000)
  object space 68608K, 16% used [0x0000000080000000,0x0000000080b31838,0x0000000084300000)
 Metaspace       used 11454K, committed 12032K, reserved 1114112K
  class space    used 1026K, committed 1280K, reserved 1048576K
}
Event: 8.231 GC heap after
{Heap after GC invocations=9 (full 0):
 PSYoungGen      total 27136K, used 4009K [0x00000000d5580000, 0x00000000d7500000, 0x0000000100000000)
  eden space 23040K, 0% used [0x00000000d5580000,0x00000000d5580000,0x00000000d6c00000)
  from space 4096K, 97% used [0x00000000d6c80000,0x00000000d706a750,0x00000000d7080000)
  to   space 4608K, 0% used [0x00000000d7080000,0x00000000d7080000,0x00000000d7500000)
 ParOldGen       total 68608K, used 12993K [0x0000000080000000, 0x0000000084300000, 0x00000000d5580000)
  object space 68608K, 18% used [0x0000000080000000,0x0000000080cb0510,0x0000000084300000)
 Metaspace       used 11454K, committed 12032K, reserved 1114112K
  class space    used 1026K, committed 1280K, reserved 1048576K
}
Event: 8.672 GC heap before
{Heap before GC invocations=10 (full 0):
 PSYoungGen      total 27136K, used 27049K [0x00000000d5580000, 0x00000000d7500000, 0x0000000100000000)
  eden space 23040K, 100% used [0x00000000d5580000,0x00000000d6c00000,0x00000000d6c00000)
  from space 4096K, 97% used [0x00000000d6c80000,0x00000000d706a750,0x00000000d7080000)
  to   space 4608K, 0% used [0x00000000d7080000,0x00000000d7080000,0x00000000d7500000)
 ParOldGen       total 68608K, used 12993K [0x0000000080000000, 0x0000000084300000, 0x00000000d5580000)
  object space 68608K, 18% used [0x0000000080000000,0x0000000080cb0510,0x0000000084300000)
 Metaspace       used 11882K, committed 12544K, reserved 1114112K
  class space    used 1057K, committed 1344K, reserved 1048576K
}
Event: 8.675 GC heap after
{Heap after GC invocations=10 (full 0):
 PSYoungGen      total 26112K, used 3169K [0x00000000d5580000, 0x00000000d7400000, 0x0000000100000000)
  eden space 22528K, 0% used [0x00000000d5580000,0x00000000d5580000,0x00000000d6b80000)
  from space 3584K, 88% used [0x00000000d7080000,0x00000000d73986d0,0x00000000d7400000)
  to   space 3584K, 0% used [0x00000000d6d00000,0x00000000d6d00000,0x00000000d7080000)
 ParOldGen       total 68608K, used 14953K [0x0000000080000000, 0x0000000084300000, 0x00000000d5580000)
  object space 68608K, 21% used [0x0000000080000000,0x0000000080e9a468,0x0000000084300000)
 Metaspace       used 11882K, committed 12544K, reserved 1114112K
  class space    used 1057K, committed 1344K, reserved 1048576K
}
Event: 8.966 GC heap before
{Heap before GC invocations=11 (full 0):
 PSYoungGen      total 26112K, used 25697K [0x00000000d5580000, 0x00000000d7400000, 0x0000000100000000)
  eden space 22528K, 100% used [0x00000000d5580000,0x00000000d6b80000,0x00000000d6b80000)
  from space 3584K, 88% used [0x00000000d7080000,0x00000000d73986d0,0x00000000d7400000)
  to   space 3584K, 0% used [0x00000000d6d00000,0x00000000d6d00000,0x00000000d7080000)
 ParOldGen       total 68608K, used 14953K [0x0000000080000000, 0x0000000084300000, 0x00000000d5580000)
  object space 68608K, 21% used [0x0000000080000000,0x0000000080e9a468,0x0000000084300000)
 Metaspace       used 12280K, committed 12992K, reserved 1114112K
  class space    used 1092K, committed 1408K, reserved 1048576K
}
Event: 8.969 GC heap after
{Heap after GC invocations=11 (full 0):
 PSYoungGen      total 23552K, used 1480K [0x00000000d5580000, 0x00000000d7100000, 0x0000000100000000)
  eden space 22016K, 0% used [0x00000000d5580000,0x00000000d5580000,0x00000000d6b00000)
  from space 1536K, 96% used [0x00000000d6d00000,0x00000000d6e72348,0x00000000d6e80000)
  to   space 2560K, 0% used [0x00000000d6e80000,0x00000000d6e80000,0x00000000d7100000)
 ParOldGen       total 68608K, used 18040K [0x0000000080000000, 0x0000000084300000, 0x00000000d5580000)
  object space 68608K, 26% used [0x0000000080000000,0x000000008119e040,0x0000000084300000)
 Metaspace       used 12280K, committed 12992K, reserved 1114112K
  class space    used 1092K, committed 1408K, reserved 1048576K
}
Event: 9.173 GC heap before
{Heap before GC invocations=12 (full 0):
 PSYoungGen      total 23552K, used 23496K [0x00000000d5580000, 0x00000000d7100000, 0x0000000100000000)
  eden space 22016K, 100% used [0x00000000d5580000,0x00000000d6b00000,0x00000000d6b00000)
  from space 1536K, 96% used [0x00000000d6d00000,0x00000000d6e72348,0x00000000d6e80000)
  to   space 2560K, 0% used [0x00000000d6e80000,0x00000000d6e80000,0x00000000d7100000)
 ParOldGen       total 68608K, used 18040K [0x0000000080000000, 0x0000000084300000, 0x00000000d5580000)
  object space 68608K, 26% used [0x0000000080000000,0x000000008119e040,0x0000000084300000)
 Metaspace       used 12639K, committed 13376K, reserved 1114112K
  class space    used 1119K, committed 1408K, reserved 1048576K
}
Event: 9.176 GC heap after
{Heap after GC invocations=12 (full 0):
 PSYoungGen      total 23040K, used 832K [0x00000000d5580000, 0x00000000d6f80000, 0x0000000100000000)
  eden space 22016K, 0% used [0x00000000d5580000,0x00000000d5580000,0x00000000d6b00000)
  from space 1024K, 81% used [0x00000000d6e80000,0x00000000d6f50000,0x00000000d6f80000)
  to   space 1536K, 0% used [0x00000000d6c80000,0x00000000d6c80000,0x00000000d6e00000)
 ParOldGen       total 68608K, used 19399K [0x0000000080000000, 0x0000000084300000, 0x00000000d5580000)
  object space 68608K, 28% used [0x0000000080000000,0x00000000812f1e60,0x0000000084300000)
 Metaspace       used 12639K, committed 13376K, reserved 1114112K
  class space    used 1119K, committed 1408K, reserved 1048576K
}
Event: 9.854 GC heap before
{Heap before GC invocations=13 (full 0):
 PSYoungGen      total 23040K, used 22848K [0x00000000d5580000, 0x00000000d6f80000, 0x0000000100000000)
  eden space 22016K, 100% used [0x00000000d5580000,0x00000000d6b00000,0x00000000d6b00000)
  from space 1024K, 81% used [0x00000000d6e80000,0x00000000d6f50000,0x00000000d6f80000)
  to   space 1536K, 0% used [0x00000000d6c80000,0x00000000d6c80000,0x00000000d6e00000)
 ParOldGen       total 68608K, used 19399K [0x0000000080000000, 0x0000000084300000, 0x00000000d5580000)
  object space 68608K, 28% used [0x0000000080000000,0x00000000812f1e60,0x0000000084300000)
 Metaspace       used 13196K, committed 13952K, reserved 1114112K
  class space    used 1176K, committed 1472K, reserved 1048576K
}
Event: 9.856 GC heap after
{Heap after GC invocations=13 (full 0):
 PSYoungGen      total 23552K, used 1520K [0x00000000d5580000, 0x00000000d7200000, 0x0000000100000000)
  eden space 22016K, 0% used [0x00000000d5580000,0x00000000d5580000,0x00000000d6b00000)
  from space 1536K, 98% used [0x00000000d6c80000,0x00000000d6dfc1e0,0x00000000d6e00000)
  to   space 3584K, 0% used [0x00000000d6e80000,0x00000000d6e80000,0x00000000d7200000)
 ParOldGen       total 68608K, used 20681K [0x0000000080000000, 0x0000000084300000, 0x00000000d5580000)
  object space 68608K, 30% used [0x0000000080000000,0x0000000081432700,0x0000000084300000)
 Metaspace       used 13196K, committed 13952K, reserved 1114112K
  class space    used 1176K, committed 1472K, reserved 1048576K
}
Event: 10.111 GC heap before
{Heap before GC invocations=14 (full 0):
 PSYoungGen      total 23552K, used 23536K [0x00000000d5580000, 0x00000000d7200000, 0x0000000100000000)
  eden space 22016K, 100% used [0x00000000d5580000,0x00000000d6b00000,0x00000000d6b00000)
  from space 1536K, 98% used [0x00000000d6c80000,0x00000000d6dfc1e0,0x00000000d6e00000)
  to   space 3584K, 0% used [0x00000000d6e80000,0x00000000d6e80000,0x00000000d7200000)
 ParOldGen       total 68608K, used 20681K [0x0000000080000000, 0x0000000084300000, 0x00000000d5580000)
  object space 68608K, 30% used [0x0000000080000000,0x0000000081432700,0x0000000084300000)
 Metaspace       used 13451K, committed 14208K, reserved 1114112K
  class space    used 1205K, committed 1536K, reserved 1048576K
}
Event: 10.115 GC heap after
{Heap after GC invocations=14 (full 0):
 PSYoungGen      total 24576K, used 2105K [0x00000000d5580000, 0x00000000d7100000, 0x0000000100000000)
  eden space 22016K, 0% used [0x00000000d5580000,0x00000000d5580000,0x00000000d6b00000)
  from space 2560K, 82% used [0x00000000d6e80000,0x00000000d708e5d0,0x00000000d7100000)
  to   space 2560K, 0% used [0x00000000d6c00000,0x00000000d6c00000,0x00000000d6e80000)
 ParOldGen       total 68608K, used 22205K [0x0000000080000000, 0x0000000084300000, 0x00000000d5580000)
  object space 68608K, 32% used [0x0000000080000000,0x00000000815af6f8,0x0000000084300000)
 Metaspace       used 13451K, committed 14208K, reserved 1114112K
  class space    used 1205K, committed 1536K, reserved 1048576K
}
Event: 10.273 GC heap before
{Heap before GC invocations=15 (full 0):
 PSYoungGen      total 24576K, used 24121K [0x00000000d5580000, 0x00000000d7100000, 0x0000000100000000)
  eden space 22016K, 100% used [0x00000000d5580000,0x00000000d6b00000,0x00000000d6b00000)
  from space 2560K, 82% used [0x00000000d6e80000,0x00000000d708e5d0,0x00000000d7100000)
  to   space 2560K, 0% used [0x00000000d6c00000,0x00000000d6c00000,0x00000000d6e80000)
 ParOldGen       total 68608K, used 22205K [0x0000000080000000, 0x0000000084300000, 0x00000000d5580000)
  object space 68608K, 32% used [0x0000000080000000,0x00000000815af6f8,0x0000000084300000)
 Metaspace       used 13892K, committed 14592K, reserved 1114112K
  class space    used 1228K, committed 1536K, reserved 1048576K
}
Event: 10.276 GC heap after
{Heap after GC invocations=15 (full 0):
 PSYoungGen      total 23040K, used 576K [0x00000000d5580000, 0x00000000d6f00000, 0x0000000100000000)
  eden space 22016K, 0% used [0x00000000d5580000,0x00000000d5580000,0x00000000d6b00000)
  from space 1024K, 56% used [0x00000000d6c00000,0x00000000d6c90000,0x00000000d6d00000)
  to   space 1536K, 0% used [0x00000000d6d80000,0x00000000d6d80000,0x00000000d6f00000)
 ParOldGen       total 68608K, used 24207K [0x0000000080000000, 0x0000000084300000, 0x00000000d5580000)
  object space 68608K, 35% used [0x0000000080000000,0x00000000817a3cc8,0x0000000084300000)
 Metaspace       used 13892K, committed 14592K, reserved 1114112K
  class space    used 1228K, committed 1536K, reserved 1048576K
}
Event: 10.433 GC heap before
{Heap before GC invocations=16 (full 0):
 PSYoungGen      total 23040K, used 22592K [0x00000000d5580000, 0x00000000d6f00000, 0x0000000100000000)
  eden space 22016K, 100% used [0x00000000d5580000,0x00000000d6b00000,0x00000000d6b00000)
  from space 1024K, 56% used [0x00000000d6c00000,0x00000000d6c90000,0x00000000d6d00000)
  to   space 1536K, 0% used [0x00000000d6d80000,0x00000000d6d80000,0x00000000d6f00000)
 ParOldGen       total 68608K, used 24207K [0x0000000080000000, 0x0000000084300000, 0x00000000d5580000)
  object space 68608K, 35% used [0x0000000080000000,0x00000000817a3cc8,0x0000000084300000)
 Metaspace       used 14041K, committed 14784K, reserved 1114112K
  class space    used 1232K, committed 1536K, reserved 1048576K
}
Event: 10.436 GC heap after
{Heap after GC invocations=16 (full 0):
 PSYoungGen      total 23552K, used 1056K [0x00000000d5580000, 0x00000000d6f00000, 0x0000000100000000)
  eden space 22016K, 0% used [0x00000000d5580000,0x00000000d5580000,0x00000000d6b00000)
  from space 1536K, 68% used [0x00000000d6d80000,0x00000000d6e88000,0x00000000d6f00000)
  to   space 1536K, 0% used [0x00000000d6c00000,0x00000000d6c00000,0x00000000d6d80000)
 ParOldGen       total 68608K, used 24671K [0x0000000080000000, 0x0000000084300000, 0x00000000d5580000)
  object space 68608K, 35% used [0x0000000080000000,0x0000000081817cc8,0x0000000084300000)
 Metaspace       used 14041K, committed 14784K, reserved 1114112K
  class space    used 1232K, committed 1536K, reserved 1048576K
}
Event: 10.762 GC heap before
{Heap before GC invocations=17 (full 0):
 PSYoungGen      total 23552K, used 23072K [0x00000000d5580000, 0x00000000d6f00000, 0x0000000100000000)
  eden space 22016K, 100% used [0x00000000d5580000,0x00000000d6b00000,0x00000000d6b00000)
  from space 1536K, 68% used [0x00000000d6d80000,0x00000000d6e88000,0x00000000d6f00000)
  to   space 1536K, 0% used [0x00000000d6c00000,0x00000000d6c00000,0x00000000d6d80000)
 ParOldGen       total 68608K, used 24671K [0x0000000080000000, 0x0000000084300000, 0x00000000d5580000)
  object space 68608K, 35% used [0x0000000080000000,0x0000000081817cc8,0x0000000084300000)
 Metaspace       used 15233K, committed 15936K, reserved 1114112K
  class space    used 1376K, committed 1664K, reserved 1048576K
}
Event: 10.765 GC heap after
{Heap after GC invocations=17 (full 0):
 PSYoungGen      total 23552K, used 1531K [0x00000000d5580000, 0x00000000d7100000, 0x0000000100000000)
  eden space 22016K, 0% used [0x00000000d5580000,0x00000000d5580000,0x00000000d6b00000)
  from space 1536K, 99% used [0x00000000d6c00000,0x00000000d6d7ee98,0x00000000d6d80000)
  to   space 3072K, 0% used [0x00000000d6e00000,0x00000000d6e00000,0x00000000d7100000)
 ParOldGen       total 68608K, used 25603K [0x0000000080000000, 0x0000000084300000, 0x00000000d5580000)
  object space 68608K, 37% used [0x0000000080000000,0x0000000081900cd8,0x0000000084300000)
 Metaspace       used 15233K, committed 15936K, reserved 1114112K
  class space    used 1376K, committed 1664K, reserved 1048576K
}
Event: 11.229 GC heap before
{Heap before GC invocations=18 (full 0):
 PSYoungGen      total 23552K, used 23543K [0x00000000d5580000, 0x00000000d7100000, 0x0000000100000000)
  eden space 22016K, 99% used [0x00000000d5580000,0x00000000d6aff130,0x00000000d6b00000)
  from space 1536K, 99% used [0x00000000d6c00000,0x00000000d6d7ee98,0x00000000d6d80000)
  to   space 3072K, 0% used [0x00000000d6e00000,0x00000000d6e00000,0x00000000d7100000)
 ParOldGen       total 68608K, used 25603K [0x0000000080000000, 0x0000000084300000, 0x00000000d5580000)
  object space 68608K, 37% used [0x0000000080000000,0x0000000081900cd8,0x0000000084300000)
 Metaspace       used 15502K, committed 16320K, reserved 1114112K
  class space    used 1400K, committed 1728K, reserved 1048576K
}
Event: 11.238 GC heap after
{Heap after GC invocations=18 (full 0):
 PSYoungGen      total 25088K, used 3066K [0x00000000d5580000, 0x00000000d7100000, 0x0000000100000000)
  eden space 22016K, 0% used [0x00000000d5580000,0x00000000d5580000,0x00000000d6b00000)
  from space 3072K, 99% used [0x00000000d6e00000,0x00000000d70fe908,0x00000000d7100000)
  to   space 1536K, 0% used [0x00000000d6c00000,0x00000000d6c00000,0x00000000d6d80000)
 ParOldGen       total 68608K, used 33608K [0x0000000080000000, 0x0000000084300000, 0x00000000d5580000)
  object space 68608K, 48% used [0x0000000080000000,0x00000000820d22f0,0x0000000084300000)
 Metaspace       used 15502K, committed 16320K, reserved 1114112K
  class space    used 1400K, committed 1728K, reserved 1048576K
}

