# JRE version: OpenJDK Runtime Environment Temurin-21.0.10+7 (21.0.10+7) (build 21.0.10+7-LTS)
# Java VM: OpenJDK 64-Bit Server VM Temurin-21.0.10+7 (21.0.10+7-LTS, mixed mode, sharing, tiered, compressed oops, compressed class ptrs, parallel gc, windows-amd64)
GC Precious Log:
 CardTable entry size: 512
 CPUs: 4 total, 4 available
 Memory: 8098M
 Large Page Support: Disabled
 NUMA Support: Disabled
 Compressed Oops: Enabled (32-bit)
 Alignments: Space 512K, Generation 512K, Heap 2M
 Heap Min Capacity: 100M
 Heap Initial Capacity: 100M
 Heap Max Capacity: 2G
 Pre-touch: Disabled
 Parallel Workers: 4
Heap:
 PSYoungGen      total 5120K, used 4613K [0x00000000d5580000, 0x00000000d5b80000, 0x0000000100000000)
  eden space 4096K, 99% used [0x00000000d5580000,0x00000000d597a860,0x00000000d5980000)
  from space 1024K, 52% used [0x00000000d5a00000,0x00000000d5a86c08,0x00000000d5b00000)
  to   space 512K, 98% used [0x00000000d5b00000,0x00000000d5b7d808,0x00000000d5b80000)
 ParOldGen       total 615424K, used 615319K [0x0000000080000000, 0x00000000a5900000, 0x00000000d5580000)
  object space 615424K, 99% used [0x0000000080000000,0x00000000a58e5c18,0x00000000a5900000)
 Metaspace       used 71391K, committed 72896K, reserved 1179648K
  class space    used 6756K, committed 7424K, reserved 1048576K
GC Heap History (20 events):
Event: 30.967 GC heap before
{Heap before GC invocations=891 (full 3):
 PSYoungGen      total 5120K, used 5120K [0x00000000d5580000, 0x00000000d5d00000, 0x0000000100000000)
  eden space 4608K, 100% used [0x00000000d5580000,0x00000000d5a00000,0x00000000d5a00000)
  from space 512K, 100% used [0x00000000d5b80000,0x00000000d5c00000,0x00000000d5c00000)
  to   space 1024K, 0% used [0x00000000d5c00000,0x00000000d5c00000,0x00000000d5d00000)
 ParOldGen       total 606720K, used 606582K [0x0000000080000000, 0x00000000a5080000, 0x00000000d5580000)
  object space 606720K, 99% used [0x0000000080000000,0x00000000a505daa8,0x00000000a5080000)
 Metaspace       used 71386K, committed 72896K, reserved 1179648K
  class space    used 6756K, committed 7424K, reserved 1048576K
}
Event: 30.969 GC heap after
{Heap after GC invocations=891 (full 3):
 PSYoungGen      total 5632K, used 576K [0x00000000d5580000, 0x00000000d5d00000, 0x0000000100000000)
  eden space 4608K, 0% used [0x00000000d5580000,0x00000000d5580000,0x00000000d5a00000)
  from space 1024K, 56% used [0x00000000d5c00000,0x00000000d5c90000,0x00000000d5d00000)
  to   space 1024K, 0% used [0x00000000d5b00000,0x00000000d5b00000,0x00000000d5c00000)
 ParOldGen       total 607232K, used 607030K [0x0000000080000000, 0x00000000a5100000, 0x00000000d5580000)
  object space 607232K, 99% used [0x0000000080000000,0x00000000a50cdaa8,0x00000000a5100000)
 Metaspace       used 71386K, committed 72896K, reserved 1179648K
  class space    used 6756K, committed 7424K, reserved 1048576K
}
Event: 30.978 GC heap before
{Heap before GC invocations=892 (full 3):
 PSYoungGen      total 5632K, used 5184K [0x00000000d5580000, 0x00000000d5d00000, 0x0000000100000000)
  eden space 4608K, 100% used [0x00000000d5580000,0x00000000d5a00000,0x00000000d5a00000)
  from space 1024K, 56% used [0x00000000d5c00000,0x00000000d5c90000,0x00000000d5d00000)
  to   space 1024K, 0% used [0x00000000d5b00000,0x00000000d5b00000,0x00000000d5c00000)
 ParOldGen       total 607232K, used 607030K [0x0000000080000000, 0x00000000a5100000, 0x00000000d5580000)
  object space 607232K, 99% used [0x0000000080000000,0x00000000a50cdaa8,0x00000000a5100000)
 Metaspace       used 71386K, committed 72896K, reserved 1179648K
  class space    used 6756K, committed 7424K, reserved 1048576K
}
Event: 30.980 GC heap after
{Heap after GC invocations=892 (full 3):
 PSYoungGen      total 5632K, used 684K [0x00000000d5580000, 0x00000000d5c80000, 0x0000000100000000)
  eden space 4608K, 0% used [0x00000000d5580000,0x00000000d5580000,0x00000000d5a00000)
  from space 1024K, 66% used [0x00000000d5b00000,0x00000000d5bab008,0x00000000d5c00000)
  to   space 512K, 0% used [0x00000000d5c00000,0x00000000d5c00000,0x00000000d5c80000)
 ParOldGen       total 607744K, used 607566K [0x0000000080000000, 0x00000000a5180000, 0x00000000d5580000)
  object space 607744K, 99% used [0x0000000080000000,0x00000000a5153aa8,0x00000000a5180000)
 Metaspace       used 71386K, committed 72896K, reserved 1179648K
  class space    used 6756K, committed 7424K, reserved 1048576K
}
Event: 30.989 GC heap before
{Heap before GC invocations=893 (full 3):
 PSYoungGen      total 5632K, used 5292K [0x00000000d5580000, 0x00000000d5c80000, 0x0000000100000000)
  eden space 4608K, 100% used [0x00000000d5580000,0x00000000d5a00000,0x00000000d5a00000)
  from space 1024K, 66% used [0x00000000d5b00000,0x00000000d5bab008,0x00000000d5c00000)
  to   space 512K, 0% used [0x00000000d5c00000,0x00000000d5c00000,0x00000000d5c80000)
 ParOldGen       total 607744K, used 607566K [0x0000000080000000, 0x00000000a5180000, 0x00000000d5580000)
  object space 607744K, 99% used [0x0000000080000000,0x00000000a5153aa8,0x00000000a5180000)
 Metaspace       used 71386K, committed 72896K, reserved 1179648K
  class space    used 6756K, committed 7424K, reserved 1048576K
}
Event: 30.991 GC heap after
{Heap after GC invocations=893 (full 3):
 PSYoungGen      total 5120K, used 512K [0x00000000d5580000, 0x00000000d5d00000, 0x0000000100000000)
  eden space 4608K, 0% used [0x00000000d5580000,0x00000000d5580000,0x00000000d5a00000)
  from space 512K, 100% used [0x00000000d5c00000,0x00000000d5c80000,0x00000000d5c80000)
  to   space 1536K, 0% used [0x00000000d5a00000,0x00000000d5a00000,0x00000000d5b80000)
 ParOldGen       total 608256K, used 608170K [0x0000000080000000, 0x00000000a5200000, 0x00000000d5580000)
  object space 608256K, 99% used [0x0000000080000000,0x00000000a51eaab0,0x00000000a5200000)
 Metaspace       used 71386K, committed 72896K, reserved 1179648K
  class space    used 6756K, committed 7424K, reserved 1048576K
}
Event: 31.001 GC heap before
{Heap before GC invocations=894 (full 3):
 PSYoungGen      total 5120K, used 5120K [0x00000000d5580000, 0x00000000d5d00000, 0x0000000100000000)
  eden space 4608K, 100% used [0x00000000d5580000,0x00000000d5a00000,0x00000000d5a00000)
  from space 512K, 100% used [0x00000000d5c00000,0x00000000d5c80000,0x00000000d5c80000)
  to   space 1536K, 0% used [0x00000000d5a00000,0x00000000d5a00000,0x00000000d5b80000)
 ParOldGen       total 608256K, used 608170K [0x0000000080000000, 0x00000000a5200000, 0x00000000d5580000)
  object space 608256K, 99% used [0x0000000080000000,0x00000000a51eaab0,0x00000000a5200000)
 Metaspace       used 71386K, committed 72896K, reserved 1179648K
  class space    used 6756K, committed 7424K, reserved 1048576K
}
Event: 31.005 GC heap after
{Heap after GC invocations=894 (full 3):
 PSYoungGen      total 6144K, used 576K [0x00000000d5580000, 0x00000000d5c80000, 0x0000000100000000)
  eden space 4608K, 0% used [0x00000000d5580000,0x00000000d5580000,0x00000000d5a00000)
  from space 1536K, 37% used [0x00000000d5a00000,0x00000000d5a90000,0x00000000d5b80000)
  to   space 1024K, 0% used [0x00000000d5b80000,0x00000000d5b80000,0x00000000d5c80000)
 ParOldGen       total 608768K, used 608642K [0x0000000080000000, 0x00000000a5280000, 0x00000000d5580000)
  object space 608768K, 99% used [0x0000000080000000,0x00000000a5260ab0,0x00000000a5280000)
 Metaspace       used 71386K, committed 72896K, reserved 1179648K
  class space    used 6756K, committed 7424K, reserved 1048576K
}
Event: 31.014 GC heap before
{Heap before GC invocations=895 (full 3):
 PSYoungGen      total 6144K, used 5184K [0x00000000d5580000, 0x00000000d5c80000, 0x0000000100000000)
  eden space 4608K, 100% used [0x00000000d5580000,0x00000000d5a00000,0x00000000d5a00000)
  from space 1536K, 37% used [0x00000000d5a00000,0x00000000d5a90000,0x00000000d5b80000)
  to   space 1024K, 0% used [0x00000000d5b80000,0x00000000d5b80000,0x00000000d5c80000)
 ParOldGen       total 608768K, used 608642K [0x0000000080000000, 0x00000000a5280000, 0x00000000d5580000)
  object space 608768K, 99% used [0x0000000080000000,0x00000000a5260ab0,0x00000000a5280000)
 Metaspace       used 71386K, committed 72896K, reserved 1179648K
  class space    used 6756K, committed 7424K, reserved 1048576K
}
Event: 31.016 GC heap after
{Heap after GC invocations=895 (full 3):
 PSYoungGen      total 5632K, used 544K [0x00000000d5580000, 0x00000000d5c80000, 0x0000000100000000)
  eden space 4608K, 0% used [0x00000000d5580000,0x00000000d5580000,0x00000000d5a00000)
  from space 1024K, 53% used [0x00000000d5b80000,0x00000000d5c08000,0x00000000d5c80000)
  to   space 1024K, 0% used [0x00000000d5a80000,0x00000000d5a80000,0x00000000d5b80000)
 ParOldGen       total 609280K, used 609152K [0x0000000080000000, 0x00000000a5300000, 0x00000000d5580000)
  object space 609280K, 99% used [0x0000000080000000,0x00000000a52e00c0,0x00000000a5300000)
 Metaspace       used 71386K, committed 72896K, reserved 1179648K
  class space    used 6756K, committed 7424K, reserved 1048576K
}
Event: 31.025 GC heap before
{Heap before GC invocations=896 (full 3):
 PSYoungGen      total 5632K, used 5152K [0x00000000d5580000, 0x00000000d5c80000, 0x0000000100000000)
  eden space 4608K, 100% used [0x00000000d5580000,0x00000000d5a00000,0x00000000d5a00000)
  from space 1024K, 53% used [0x00000000d5b80000,0x00000000d5c08000,0x00000000d5c80000)
  to   space 1024K, 0% used [0x00000000d5a80000,0x00000000d5a80000,0x00000000d5b80000)
 ParOldGen       total 609280K, used 609152K [0x0000000080000000, 0x00000000a5300000, 0x00000000d5580000)
  object space 609280K, 99% used [0x0000000080000000,0x00000000a52e00c0,0x00000000a5300000)
 Metaspace       used 71386K, committed 72896K, reserved 1179648K
  class space    used 6756K, committed 7424K, reserved 1048576K
}
Event: 31.027 GC heap after
{Heap after GC invocations=896 (full 3):
 PSYoungGen      total 5632K, used 608K [0x00000000d5580000, 0x00000000d5c00000, 0x0000000100000000)
  eden space 4608K, 0% used [0x00000000d5580000,0x00000000d5580000,0x00000000d5a00000)
  from space 1024K, 59% used [0x00000000d5a80000,0x00000000d5b18000,0x00000000d5b80000)
  to   space 512K, 0% used [0x00000000d5b80000,0x00000000d5b80000,0x00000000d5c00000)
 ParOldGen       total 609792K, used 609640K [0x0000000080000000, 0x00000000a5380000, 0x00000000d5580000)
  object space 609792K, 99% used [0x0000000080000000,0x00000000a535a0c0,0x00000000a5380000)
 Metaspace       used 71386K, committed 72896K, reserved 1179648K
  class space    used 6756K, committed 7424K, reserved 1048576K
}
Event: 31.041 GC heap before
{Heap before GC invocations=897 (full 3):
 PSYoungGen      total 5632K, used 5216K [0x00000000d5580000, 0x00000000d5c00000, 0x0000000100000000)
  eden space 4608K, 100% used [0x00000000d5580000,0x00000000d5a00000,0x00000000d5a00000)
  from space 1024K, 59% used [0x00000000d5a80000,0x00000000d5b18000,0x00000000d5b80000)
  to   space 512K, 0% used [0x00000000d5b80000,0x00000000d5b80000,0x00000000d5c00000)
 ParOldGen       total 609792K, used 609640K [0x0000000080000000, 0x00000000a5380000, 0x00000000d5580000)
  object space 609792K, 99% used [0x0000000080000000,0x00000000a535a0c0,0x00000000a5380000)
 Metaspace       used 71386K, committed 72896K, reserved 1179648K
  class space    used 6756K, committed 7424K, reserved 1048576K
}
Event: 31.044 GC heap after
{Heap after GC invocations=897 (full 3):
 PSYoungGen      total 4608K, used 512K [0x00000000d5580000, 0x00000000d5e00000, 0x0000000100000000)
  eden space 4096K, 0% used [0x00000000d5580000,0x00000000d5580000,0x00000000d5980000)
  from space 512K, 100% used [0x00000000d5b80000,0x00000000d5c00000,0x00000000d5c00000)
  to   space 2048K, 0% used [0x00000000d5980000,0x00000000d5980000,0x00000000d5b80000)
 ParOldGen       total 611328K, used 610934K [0x0000000080000000, 0x00000000a5500000, 0x00000000d5580000)
  object space 611328K, 99% used [0x0000000080000000,0x00000000a549d8c0,0x00000000a5500000)
 Metaspace       used 71386K, committed 72896K, reserved 1179648K
  class space    used 6756K, committed 7424K, reserved 1048576K
}
Event: 31.085 GC heap before
{Heap before GC invocations=898 (full 3):
 PSYoungGen      total 4608K, used 4608K [0x00000000d5580000, 0x00000000d5e00000, 0x0000000100000000)
  eden space 4096K, 100% used [0x00000000d5580000,0x00000000d5980000,0x00000000d5980000)
  from space 512K, 100% used [0x00000000d5b80000,0x00000000d5c00000,0x00000000d5c00000)
  to   space 2048K, 0% used [0x00000000d5980000,0x00000000d5980000,0x00000000d5b80000)
 ParOldGen       total 611328K, used 610934K [0x0000000080000000, 0x00000000a5500000, 0x00000000d5580000)
  object space 611328K, 99% used [0x0000000080000000,0x00000000a549d8c0,0x00000000a5500000)
 Metaspace       used 71391K, committed 72896K, reserved 1179648K
  class space    used 6756K, committed 7424K, reserved 1048576K
}
Event: 31.087 GC heap after
{Heap after GC invocations=898 (full 3):
 PSYoungGen      total 5632K, used 1119K [0x00000000d5580000, 0x00000000d5c80000, 0x0000000100000000)
  eden space 4096K, 0% used [0x00000000d5580000,0x00000000d5580000,0x00000000d5980000)
  from space 1536K, 72% used [0x00000000d5980000,0x00000000d5a97e78,0x00000000d5b00000)
  to   space 1536K, 0% used [0x00000000d5b00000,0x00000000d5b00000,0x00000000d5c80000)
 ParOldGen       total 611328K, used 611214K [0x0000000080000000, 0x00000000a5500000, 0x00000000d5580000)
  object space 611328K, 99% used [0x0000000080000000,0x00000000a54e38c0,0x00000000a5500000)
 Metaspace       used 71391K, committed 72896K, reserved 1179648K
  class space    used 6756K, committed 7424K, reserved 1048576K
}
Event: 31.097 GC heap before
{Heap before GC invocations=899 (full 3):
 PSYoungGen      total 5632K, used 5215K [0x00000000d5580000, 0x00000000d5c80000, 0x0000000100000000)
  eden space 4096K, 100% used [0x00000000d5580000,0x00000000d5980000,0x00000000d5980000)
  from space 1536K, 72% used [0x00000000d5980000,0x00000000d5a97e78,0x00000000d5b00000)
  to   space 1536K, 0% used [0x00000000d5b00000,0x00000000d5b00000,0x00000000d5c80000)
 ParOldGen       total 611328K, used 611214K [0x0000000080000000, 0x00000000a5500000, 0x00000000d5580000)
  object space 611328K, 99% used [0x0000000080000000,0x00000000a54e38c0,0x00000000a5500000)
 Metaspace       used 71391K, committed 72896K, reserved 1179648K
  class space    used 6756K, committed 7424K, reserved 1048576K
}
Event: 31.099 GC heap after
{Heap after GC invocations=899 (full 3):
 PSYoungGen      total 5120K, used 539K [0x00000000d5580000, 0x00000000d5c00000, 0x0000000100000000)
  eden space 4096K, 0% used [0x00000000d5580000,0x00000000d5580000,0x00000000d5980000)
  from space 1024K, 52% used [0x00000000d5b00000,0x00000000d5b86c08,0x00000000d5c00000)
  to   space 1024K, 0% used [0x00000000d5a00000,0x00000000d5a00000,0x00000000d5b00000)
 ParOldGen       total 612352K, used 612275K [0x0000000080000000, 0x00000000a5600000, 0x00000000d5580000)
  object space 612352K, 99% used [0x0000000080000000,0x00000000a55ecdd8,0x00000000a5600000)
 Metaspace       used 71391K, committed 72896K, reserved 1179648K
  class space    used 6756K, committed 7424K, reserved 1048576K
}
Event: 31.115 GC heap before
{Heap before GC invocations=900 (full 3):
 PSYoungGen      total 5120K, used 4635K [0x00000000d5580000, 0x00000000d5c00000, 0x0000000100000000)
  eden space 4096K, 100% used [0x00000000d5580000,0x00000000d5980000,0x00000000d5980000)
  from space 1024K, 52% used [0x00000000d5b00000,0x00000000d5b86c08,0x00000000d5c00000)
  to   space 1024K, 0% used [0x00000000d5a00000,0x00000000d5a00000,0x00000000d5b00000)
 ParOldGen       total 612352K, used 612275K [0x0000000080000000, 0x00000000a5600000, 0x00000000d5580000)
  object space 612352K, 99% used [0x0000000080000000,0x00000000a55ecdd8,0x00000000a5600000)
 Metaspace       used 71391K, committed 72896K, reserved 1179648K
  class space    used 6756K, committed 7424K, reserved 1048576K
}
Event: 31.120 GC heap after
{Heap after GC invocations=900 (full 3):
 PSYoungGen      total 5120K, used 544K [0x00000000d5580000, 0x00000000d5b80000, 0x0000000100000000)
  eden space 4096K, 0% used [0x00000000d5580000,0x00000000d5580000,0x00000000d5980000)
  from space 1024K, 53% used [0x00000000d5a00000,0x00000000d5a88000,0x00000000d5b00000)
  to   space 512K, 0% used [0x00000000d5b00000,0x00000000d5b00000,0x00000000d5b80000)
 ParOldGen       total 612864K, used 612734K [0x0000000080000000, 0x00000000a5680000, 0x00000000d5580000)
  object space 612864K, 99% used [0x0000000080000000,0x00000000a565f9e0,0x00000000a5680000)
 Metaspace       used 71391K, committed 72896K, reserved 1179648K
  class space    used 6756K, committed 7424K, reserved 1048576K
}

