# JRE version: Java(TM) SE Runtime Environment (26.0+35) (build 26+35-2893)
# Java VM: Java HotSpot(TM) 64-Bit Server VM (26+35-2893, mixed mode, sharing, tiered, compressed oops, compressed class ptrs, g1 gc, windows-amd64)
GC Precious Log:
 CardTable entry size: 512
 Card Set container configuration: InlinePtr #cards 5 size 8 Array Of Cards #cards 10 size 36 Howl #buckets 4 coarsen threshold 1843 Howl Bitmap #cards 512 size 80 coarsen threshold 460 Card regions per heap region 1 cards per card region 2048
 CPUs: 4 total, 4 available
 Memory: 8098M
 Large Page Support: Disabled
 NUMA Support: Disabled
 Compressed Oops: Enabled (32-bit)
 Heap Region Size: 1M
 Heap Min Capacity: 8M
 Heap Initial Capacity: 8M
 Heap Max Capacity: 2026M
 Pre-touch: Disabled
 Parallel Workers: 4
 Concurrent Workers: 1
 Concurrent Refinement Workers: 4
 Periodic GC: Disabled
Heap:
 garbage-first heap   total reserved 2074624K, committed 81920K, used 47639K [0x0000000081600000, 0x0000000100000000)
  region size 1M, 0 eden (0M), 2 survivor (2M), 40 old (40M), 5 humongous (5M), 33 free (33M)
GC Heap Usage History (20 events):
Event: 2.158 {heap After GC invocations=13 (full 0):
 garbage-first heap   total reserved 2074624K, committed 32768K, used 13214K [0x0000000081600000, 0x0000000100000000)
  region size 1M, 0 eden (0M), 2 survivor (2M), 12 old (12M), 0 humongous (0M), 18 free (18M)
}
Event: 2.325 {heap Before GC invocations=13 (full 0):
 garbage-first heap   total reserved 2074624K, committed 32768K, used 26526K [0x0000000081600000, 0x0000000100000000)
  region size 1M, 13 eden (13M), 2 survivor (2M), 12 old (12M), 0 humongous (0M), 5 free (5M)
}
Event: 2.329 {heap After GC invocations=14 (full 0):
 garbage-first heap   total reserved 2074624K, committed 32768K, used 15158K [0x0000000081600000, 0x0000000100000000)
  region size 1M, 0 eden (0M), 2 survivor (2M), 14 old (14M), 0 humongous (0M), 16 free (16M)
}
Event: 2.485 {heap Before GC invocations=14 (full 0):
 garbage-first heap   total reserved 2074624K, committed 32768K, used 26422K [0x0000000081600000, 0x0000000100000000)
  region size 1M, 11 eden (11M), 2 survivor (2M), 14 old (14M), 0 humongous (0M), 5 free (5M)
}
Event: 2.488 {heap After GC invocations=15 (full 0):
 garbage-first heap   total reserved 2074624K, committed 52224K, used 16075K [0x0000000081600000, 0x0000000100000000)
  region size 1M, 0 eden (0M), 1 survivor (1M), 16 old (16M), 0 humongous (0M), 34 free (34M)
}
Event: 2.994 {heap Before GC invocations=15 (full 0):
 garbage-first heap   total reserved 2074624K, committed 52224K, used 41675K [0x0000000081600000, 0x0000000100000000)
  region size 1M, 26 eden (26M), 1 survivor (1M), 16 old (16M), 0 humongous (0M), 8 free (8M)
}
Event: 2.996 {heap After GC invocations=16 (full 0):
 garbage-first heap   total reserved 2074624K, committed 52224K, used 16677K [0x0000000081600000, 0x0000000100000000)
  region size 1M, 0 eden (0M), 2 survivor (2M), 16 old (16M), 0 humongous (0M), 33 free (33M)
}
Event: 3.123 {heap Before GC invocations=16 (full 0):
 garbage-first heap   total reserved 2074624K, committed 52224K, used 25893K [0x0000000081600000, 0x0000000100000000)
  region size 1M, 11 eden (11M), 2 survivor (2M), 16 old (16M), 0 humongous (0M), 22 free (22M)
}
Event: 3.126 {heap After GC invocations=17 (full 0):
 garbage-first heap   total reserved 2074624K, committed 52224K, used 17918K [0x0000000081600000, 0x0000000100000000)
  region size 1M, 0 eden (0M), 3 survivor (3M), 16 old (16M), 0 humongous (0M), 32 free (32M)
}
Event: 3.284 {heap Before GC invocations=18 (full 0):
 garbage-first heap   total reserved 2074624K, committed 64512K, used 62974K [0x0000000081600000, 0x0000000100000000)
  region size 1M, 12 eden (12M), 3 survivor (3M), 16 old (16M), 32 humongous (32M), 0 free (0M)
}
Event: 3.289 {heap After GC invocations=19 (full 0):
 garbage-first heap   total reserved 2074624K, committed 68608K, used 18614K [0x0000000081600000, 0x0000000100000000)
  region size 1M, 0 eden (0M), 3 survivor (3M), 17 old (17M), 0 humongous (0M), 47 free (47M)
}
Event: 4.096 {heap Before GC invocations=19 (full 0):
 garbage-first heap   total reserved 2074624K, committed 68608K, used 64694K [0x0000000081600000, 0x0000000100000000)
  region size 1M, 37 eden (37M), 3 survivor (3M), 17 old (17M), 9 humongous (9M), 1 free (1M)
}
Event: 4.111 {heap After GC invocations=20 (full 0):
 garbage-first heap   total reserved 2074624K, committed 78848K, used 34488K [0x0000000081600000, 0x0000000100000000)
  region size 1M, 0 eden (0M), 5 survivor (5M), 22 old (22M), 7 humongous (7M), 43 free (43M)
}
Event: 4.386 {heap Before GC invocations=20 (full 0):
 garbage-first heap   total reserved 2074624K, committed 78848K, used 67256K [0x0000000081600000, 0x0000000100000000)
  region size 1M, 31 eden (31M), 5 survivor (5M), 22 old (22M), 8 humongous (8M), 11 free (11M)
}
Event: 4.398 {heap After GC invocations=21 (full 0):
 garbage-first heap   total reserved 2074624K, committed 81920K, used 44544K [0x0000000081600000, 0x0000000100000000)
  region size 1M, 0 eden (0M), 5 survivor (5M), 31 old (31M), 8 humongous (8M), 36 free (36M)
}
Event: 4.866 {heap Before GC invocations=21 (full 0):
 garbage-first heap   total reserved 2074624K, committed 81920K, used 66048K [0x0000000081600000, 0x0000000100000000)
  region size 1M, 22 eden (22M), 5 survivor (5M), 31 old (31M), 8 humongous (8M), 14 free (14M)
}
Event: 4.872 {heap After GC invocations=22 (full 0):
 garbage-first heap   total reserved 2074624K, committed 81920K, used 46565K [0x0000000081600000, 0x0000000100000000)
  region size 1M, 0 eden (0M), 2 survivor (2M), 36 old (36M), 8 humongous (8M), 34 free (34M)
}
Event: 5.320 {heap Before GC invocations=23 (full 0):
 garbage-first heap   total reserved 2074624K, committed 81920K, used 64997K [0x0000000081600000, 0x0000000100000000)
  region size 1M, 22 eden (22M), 2 survivor (2M), 36 old (36M), 5 humongous (5M), 15 free (15M)
}
Event: 5.326 {heap After GC invocations=24 (full 0):
 garbage-first heap   total reserved 2074624K, committed 81920K, used 46080K [0x0000000081600000, 0x0000000100000000)
  region size 1M, 0 eden (0M), 3 survivor (3M), 37 old (37M), 5 humongous (5M), 35 free (35M)
}
Event: 9.505 {heap Before GC invocations=24 (full 0):
 garbage-first heap   total reserved 2074624K, committed 81920K, used 68608K [0x0000000081600000, 0x0000000100000000)
  region size 1M, 23 eden (23M), 3 survivor (3M), 37 old (37M), 5 humongous (5M), 12 free (12M)
}

