# JRE version: OpenJDK Runtime Environment Temurin-21.0.10+7 (21.0.10+7) (build 21.0.10+7-LTS)
# Java VM: OpenJDK 64-Bit Server VM Temurin-21.0.10+7 (21.0.10+7-LTS, mixed mode, sharing, tiered, compressed oops, compressed class ptrs, parallel gc, windows-amd64)
GC Precious Log:
 CardTable entry size: 512
 CPUs: 4 total, 4 available
 Memory: 8098M
 Large Page Support: Disabled
 NUMA Support: Disabled
 Compressed Oops: Enabled (32-bit)
 Alignments: Space 512K, Generation 512K, Heap 2M
 Heap Min Capacity: 100M
 Heap Initial Capacity: 100M
 Heap Max Capacity: 2G
 Pre-touch: Disabled
 Parallel Workers: 4
Heap:
 PSYoungGen      total 5120K, used 120K [0x00000000d5580000, 0x00000000d6000000, 0x0000000100000000)
  eden space 4608K, 0% used [0x00000000d5580000,0x00000000d5586378,0x00000000d5a00000)
  from space 512K, 18% used [0x00000000d5f80000,0x00000000d5f98000,0x00000000d6000000)
  to   space 512K, 0% used [0x00000000d5f00000,0x00000000d5f00000,0x00000000d5f80000)
 ParOldGen       total 160768K, used 160744K [0x0000000080000000, 0x0000000089d00000, 0x00000000d5580000)
  object space 160768K, 99% used [0x0000000080000000,0x0000000089cfa308,0x0000000089d00000)
 Metaspace       used 29212K, committed 30400K, reserved 1114112K
  class space    used 2859K, committed 3328K, reserved 1048576K
GC Heap History (20 events):
Event: 952.019 GC heap before
{Heap before GC invocations=234 (full 1):
 PSYoungGen      total 6144K, used 5696K [0x00000000d5580000, 0x00000000d5c80000, 0x0000000100000000)
  eden space 5120K, 100% used [0x00000000d5580000,0x00000000d5a80000,0x00000000d5a80000)
  from space 1024K, 56% used [0x00000000d5b80000,0x00000000d5c10000,0x00000000d5c80000)
  to   space 1024K, 0% used [0x00000000d5a80000,0x00000000d5a80000,0x00000000d5b80000)
 ParOldGen       total 152576K, used 152146K [0x0000000080000000, 0x0000000089500000, 0x00000000d5580000)
  object space 152576K, 99% used [0x0000000080000000,0x0000000089494ab8,0x0000000089500000)
 Metaspace       used 29167K, committed 30336K, reserved 1114112K
  class space    used 2859K, committed 3328K, reserved 1048576K
}
Event: 952.020 GC heap after
{Heap after GC invocations=234 (full 1):
 PSYoungGen      total 6144K, used 416K [0x00000000d5580000, 0x00000000d5c80000, 0x0000000100000000)
  eden space 5120K, 0% used [0x00000000d5580000,0x00000000d5580000,0x00000000d5a80000)
  from space 1024K, 40% used [0x00000000d5a80000,0x00000000d5ae8000,0x00000000d5b80000)
  to   space 512K, 0% used [0x00000000d5c00000,0x00000000d5c00000,0x00000000d5c80000)
 ParOldGen       total 152576K, used 152346K [0x0000000080000000, 0x0000000089500000, 0x00000000d5580000)
  object space 152576K, 99% used [0x0000000080000000,0x00000000894c6ab8,0x0000000089500000)
 Metaspace       used 29167K, committed 30336K, reserved 1114112K
  class space    used 2859K, committed 3328K, reserved 1048576K
}
Event: 1015.641 GC heap before
{Heap before GC invocations=235 (full 1):
 PSYoungGen      total 6144K, used 5536K [0x00000000d5580000, 0x00000000d5c80000, 0x0000000100000000)
  eden space 5120K, 100% used [0x00000000d5580000,0x00000000d5a80000,0x00000000d5a80000)
  from space 1024K, 40% used [0x00000000d5a80000,0x00000000d5ae8000,0x00000000d5b80000)
  to   space 512K, 0% used [0x00000000d5c00000,0x00000000d5c00000,0x00000000d5c80000)
 ParOldGen       total 152576K, used 152346K [0x0000000080000000, 0x0000000089500000, 0x00000000d5580000)
  object space 152576K, 99% used [0x0000000080000000,0x00000000894c6ab8,0x0000000089500000)
 Metaspace       used 29169K, committed 30336K, reserved 1114112K
  class space    used 2859K, committed 3328K, reserved 1048576K
}
Event: 1015.642 GC heap after
{Heap after GC invocations=235 (full 1):
 PSYoungGen      total 5120K, used 503K [0x00000000d5580000, 0x00000000d5e80000, 0x0000000100000000)
  eden space 4608K, 0% used [0x00000000d5580000,0x00000000d5580000,0x00000000d5a00000)
  from space 512K, 98% used [0x00000000d5c00000,0x00000000d5c7dc18,0x00000000d5c80000)
  to   space 2048K, 0% used [0x00000000d5a00000,0x00000000d5a00000,0x00000000d5c00000)
 ParOldGen       total 153600K, used 153545K [0x0000000080000000, 0x0000000089600000, 0x00000000d5580000)
  object space 153600K, 99% used [0x0000000080000000,0x00000000895f26d0,0x0000000089600000)
 Metaspace       used 29169K, committed 30336K, reserved 1114112K
  class space    used 2859K, committed 3328K, reserved 1048576K
}
Event: 1015.651 GC heap before
{Heap before GC invocations=236 (full 1):
 PSYoungGen      total 5120K, used 5110K [0x00000000d5580000, 0x00000000d5e80000, 0x0000000100000000)
  eden space 4608K, 99% used [0x00000000d5580000,0x00000000d59fffc0,0x00000000d5a00000)
  from space 512K, 98% used [0x00000000d5c00000,0x00000000d5c7dc18,0x00000000d5c80000)
  to   space 2048K, 0% used [0x00000000d5a00000,0x00000000d5a00000,0x00000000d5c00000)
 ParOldGen       total 153600K, used 153545K [0x0000000080000000, 0x0000000089600000, 0x00000000d5580000)
  object space 153600K, 99% used [0x0000000080000000,0x00000000895f26d0,0x0000000089600000)
 Metaspace       used 29169K, committed 30336K, reserved 1114112K
  class space    used 2859K, committed 3328K, reserved 1048576K
}
Event: 1015.654 GC heap after
{Heap after GC invocations=236 (full 1):
 PSYoungGen      total 6656K, used 2048K [0x00000000d5580000, 0x00000000d6600000, 0x0000000100000000)
  eden space 4608K, 0% used [0x00000000d5580000,0x00000000d5580000,0x00000000d5a00000)
  from space 2048K, 100% used [0x00000000d5a00000,0x00000000d5c00000,0x00000000d5c00000)
  to   space 6144K, 0% used [0x00000000d6000000,0x00000000d6000000,0x00000000d6600000)
 ParOldGen       total 156672K, used 156576K [0x0000000080000000, 0x0000000089900000, 0x00000000d5580000)
  object space 156672K, 99% used [0x0000000080000000,0x00000000898e82e8,0x0000000089900000)
 Metaspace       used 29169K, committed 30336K, reserved 1114112K
  class space    used 2859K, committed 3328K, reserved 1048576K
}
Event: 1015.686 GC heap before
{Heap before GC invocations=237 (full 1):
 PSYoungGen      total 6656K, used 6656K [0x00000000d5580000, 0x00000000d6600000, 0x0000000100000000)
  eden space 4608K, 100% used [0x00000000d5580000,0x00000000d5a00000,0x00000000d5a00000)
  from space 2048K, 100% used [0x00000000d5a00000,0x00000000d5c00000,0x00000000d5c00000)
  to   space 6144K, 0% used [0x00000000d6000000,0x00000000d6000000,0x00000000d6600000)
 ParOldGen       total 156672K, used 156576K [0x0000000080000000, 0x0000000089900000, 0x00000000d5580000)
  object space 156672K, 99% used [0x0000000080000000,0x00000000898e82e8,0x0000000089900000)
 Metaspace       used 29185K, committed 30400K, reserved 1114112K
  class space    used 2859K, committed 3328K, reserved 1048576K
}
Event: 1015.689 GC heap after
{Heap after GC invocations=237 (full 1):
 PSYoungGen      total 5632K, used 832K [0x00000000d5580000, 0x00000000d6100000, 0x0000000100000000)
  eden space 4608K, 0% used [0x00000000d5580000,0x00000000d5580000,0x00000000d5a00000)
  from space 1024K, 81% used [0x00000000d6000000,0x00000000d60d0000,0x00000000d6100000)
  to   space 2560K, 0% used [0x00000000d5c00000,0x00000000d5c00000,0x00000000d5e80000)
 ParOldGen       total 158720K, used 158656K [0x0000000080000000, 0x0000000089b00000, 0x00000000d5580000)
  object space 158720K, 99% used [0x0000000080000000,0x0000000089af02e8,0x0000000089b00000)
 Metaspace       used 29185K, committed 30400K, reserved 1114112K
  class space    used 2859K, committed 3328K, reserved 1048576K
}
Event: 1015.695 GC heap before
{Heap before GC invocations=238 (full 1):
 PSYoungGen      total 5632K, used 5439K [0x00000000d5580000, 0x00000000d6100000, 0x0000000100000000)
  eden space 4608K, 99% used [0x00000000d5580000,0x00000000d59fffe0,0x00000000d5a00000)
  from space 1024K, 81% used [0x00000000d6000000,0x00000000d60d0000,0x00000000d6100000)
  to   space 2560K, 0% used [0x00000000d5c00000,0x00000000d5c00000,0x00000000d5e80000)
 ParOldGen       total 158720K, used 158656K [0x0000000080000000, 0x0000000089b00000, 0x00000000d5580000)
  object space 158720K, 99% used [0x0000000080000000,0x0000000089af02e8,0x0000000089b00000)
 Metaspace       used 29186K, committed 30400K, reserved 1114112K
  class space    used 2859K, committed 3328K, reserved 1048576K
}
Event: 1015.697 GC heap after
{Heap after GC invocations=238 (full 1):
 PSYoungGen      total 7168K, used 256K [0x00000000d5580000, 0x00000000d6080000, 0x0000000100000000)
  eden space 4608K, 0% used [0x00000000d5580000,0x00000000d5580000,0x00000000d5a00000)
  from space 2560K, 10% used [0x00000000d5c00000,0x00000000d5c40020,0x00000000d5e80000)
  to   space 1024K, 0% used [0x00000000d5f80000,0x00000000d5f80000,0x00000000d6080000)
 ParOldGen       total 159232K, used 159080K [0x0000000080000000, 0x0000000089b80000, 0x00000000d5580000)
  object space 159232K, 99% used [0x0000000080000000,0x0000000089b5a2e8,0x0000000089b80000)
 Metaspace       used 29186K, committed 30400K, reserved 1114112K
  class space    used 2859K, committed 3328K, reserved 1048576K
}
Event: 1015.703 GC heap before
{Heap before GC invocations=239 (full 1):
 PSYoungGen      total 7168K, used 4864K [0x00000000d5580000, 0x00000000d6080000, 0x0000000100000000)
  eden space 4608K, 100% used [0x00000000d5580000,0x00000000d5a00000,0x00000000d5a00000)
  from space 2560K, 10% used [0x00000000d5c00000,0x00000000d5c40020,0x00000000d5e80000)
  to   space 1024K, 0% used [0x00000000d5f80000,0x00000000d5f80000,0x00000000d6080000)
 ParOldGen       total 159232K, used 159080K [0x0000000080000000, 0x0000000089b80000, 0x00000000d5580000)
  object space 159232K, 99% used [0x0000000080000000,0x0000000089b5a2e8,0x0000000089b80000)
 Metaspace       used 29192K, committed 30400K, reserved 1114112K
  class space    used 2859K, committed 3328K, reserved 1048576K
}
Event: 1015.704 GC heap after
{Heap after GC invocations=239 (full 1):
 PSYoungGen      total 5632K, used 800K [0x00000000d5580000, 0x00000000d6080000, 0x0000000100000000)
  eden space 4608K, 0% used [0x00000000d5580000,0x00000000d5580000,0x00000000d5a00000)
  from space 1024K, 78% used [0x00000000d5f80000,0x00000000d6048000,0x00000000d6080000)
  to   space 1024K, 0% used [0x00000000d5e80000,0x00000000d5e80000,0x00000000d5f80000)
 ParOldGen       total 159744K, used 159240K [0x0000000080000000, 0x0000000089c00000, 0x00000000d5580000)
  object space 159744K, 99% used [0x0000000080000000,0x0000000089b82308,0x0000000089c00000)
 Metaspace       used 29192K, committed 30400K, reserved 1114112K
  class space    used 2859K, committed 3328K, reserved 1048576K
}
Event: 1015.709 GC heap before
{Heap before GC invocations=240 (full 1):
 PSYoungGen      total 5632K, used 5408K [0x00000000d5580000, 0x00000000d6080000, 0x0000000100000000)
  eden space 4608K, 100% used [0x00000000d5580000,0x00000000d5a00000,0x00000000d5a00000)
  from space 1024K, 78% used [0x00000000d5f80000,0x00000000d6048000,0x00000000d6080000)
  to   space 1024K, 0% used [0x00000000d5e80000,0x00000000d5e80000,0x00000000d5f80000)
 ParOldGen       total 159744K, used 159240K [0x0000000080000000, 0x0000000089c00000, 0x00000000d5580000)
  object space 159744K, 99% used [0x0000000080000000,0x0000000089b82308,0x0000000089c00000)
 Metaspace       used 29192K, committed 30400K, reserved 1114112K
  class space    used 2859K, committed 3328K, reserved 1048576K
}
Event: 1015.711 GC heap after
{Heap after GC invocations=240 (full 1):
 PSYoungGen      total 5632K, used 320K [0x00000000d5580000, 0x00000000d6000000, 0x0000000100000000)
  eden space 4608K, 0% used [0x00000000d5580000,0x00000000d5580000,0x00000000d5a00000)
  from space 1024K, 31% used [0x00000000d5e80000,0x00000000d5ed0000,0x00000000d5f80000)
  to   space 512K, 0% used [0x00000000d5f80000,0x00000000d5f80000,0x00000000d6000000)
 ParOldGen       total 160256K, used 159992K [0x0000000080000000, 0x0000000089c80000, 0x00000000d5580000)
  object space 160256K, 99% used [0x0000000080000000,0x0000000089c3e308,0x0000000089c80000)
 Metaspace       used 29192K, committed 30400K, reserved 1114112K
  class space    used 2859K, committed 3328K, reserved 1048576K
}
Event: 1015.719 GC heap before
{Heap before GC invocations=241 (full 1):
 PSYoungGen      total 5632K, used 4928K [0x00000000d5580000, 0x00000000d6000000, 0x0000000100000000)
  eden space 4608K, 100% used [0x00000000d5580000,0x00000000d5a00000,0x00000000d5a00000)
  from space 1024K, 31% used [0x00000000d5e80000,0x00000000d5ed0000,0x00000000d5f80000)
  to   space 512K, 0% used [0x00000000d5f80000,0x00000000d5f80000,0x00000000d6000000)
 ParOldGen       total 160256K, used 159992K [0x0000000080000000, 0x0000000089c80000, 0x00000000d5580000)
  object space 160256K, 99% used [0x0000000080000000,0x0000000089c3e308,0x0000000089c80000)
 Metaspace       used 29194K, committed 30400K, reserved 1114112K
  class space    used 2859K, committed 3328K, reserved 1048576K
}
Event: 1015.720 GC heap after
{Heap after GC invocations=241 (full 1):
 PSYoungGen      total 5120K, used 512K [0x00000000d5580000, 0x00000000d6000000, 0x0000000100000000)
  eden space 4608K, 0% used [0x00000000d5580000,0x00000000d5580000,0x00000000d5a00000)
  from space 512K, 100% used [0x00000000d5f80000,0x00000000d6000000,0x00000000d6000000)
  to   space 1024K, 0% used [0x00000000d5e00000,0x00000000d5e00000,0x00000000d5f00000)
 ParOldGen       total 160256K, used 160240K [0x0000000080000000, 0x0000000089c80000, 0x00000000d5580000)
  object space 160256K, 99% used [0x0000000080000000,0x0000000089c7c308,0x0000000089c80000)
 Metaspace       used 29194K, committed 30400K, reserved 1114112K
  class space    used 2859K, committed 3328K, reserved 1048576K
}
Event: 1015.729 GC heap before
{Heap before GC invocations=242 (full 1):
 PSYoungGen      total 5120K, used 5047K [0x00000000d5580000, 0x00000000d6000000, 0x0000000100000000)
  eden space 4608K, 98% used [0x00000000d5580000,0x00000000d59edd30,0x00000000d5a00000)
  from space 512K, 100% used [0x00000000d5f80000,0x00000000d6000000,0x00000000d6000000)
  to   space 1024K, 0% used [0x00000000d5e00000,0x00000000d5e00000,0x00000000d5f00000)
 ParOldGen       total 160256K, used 160240K [0x0000000080000000, 0x0000000089c80000, 0x00000000d5580000)
  object space 160256K, 99% used [0x0000000080000000,0x0000000089c7c308,0x0000000089c80000)
 Metaspace       used 29207K, committed 30400K, reserved 1114112K
  class space    used 2859K, committed 3328K, reserved 1048576K
}
Event: 1015.731 GC heap after
{Heap after GC invocations=242 (full 1):
 PSYoungGen      total 5632K, used 160K [0x00000000d5580000, 0x00000000d6000000, 0x0000000100000000)
  eden space 4608K, 0% used [0x00000000d5580000,0x00000000d5580000,0x00000000d5a00000)
  from space 1024K, 15% used [0x00000000d5e00000,0x00000000d5e28000,0x00000000d5f00000)
  to   space 512K, 0% used [0x00000000d5f80000,0x00000000d5f80000,0x00000000d6000000)
 ParOldGen       total 160768K, used 160656K [0x0000000080000000, 0x0000000089d00000, 0x00000000d5580000)
  object space 160768K, 99% used [0x0000000080000000,0x0000000089ce4308,0x0000000089d00000)
 Metaspace       used 29207K, committed 30400K, reserved 1114112K
  class space    used 2859K, committed 3328K, reserved 1048576K
}
Event: 1150.523 GC heap before
{Heap before GC invocations=243 (full 1):
 PSYoungGen      total 5632K, used 4768K [0x00000000d5580000, 0x00000000d6000000, 0x0000000100000000)
  eden space 4608K, 100% used [0x00000000d5580000,0x00000000d5a00000,0x00000000d5a00000)
  from space 1024K, 15% used [0x00000000d5e00000,0x00000000d5e28000,0x00000000d5f00000)
  to   space 512K, 0% used [0x00000000d5f80000,0x00000000d5f80000,0x00000000d6000000)
 ParOldGen       total 160768K, used 160656K [0x0000000080000000, 0x0000000089d00000, 0x00000000d5580000)
  object space 160768K, 99% used [0x0000000080000000,0x0000000089ce4308,0x0000000089d00000)
 Metaspace       used 29212K, committed 30400K, reserved 1114112K
  class space    used 2859K, committed 3328K, reserved 1048576K
}
Event: 1150.524 GC heap after
{Heap after GC invocations=243 (full 1):
 PSYoungGen      total 5120K, used 96K [0x00000000d5580000, 0x00000000d6000000, 0x0000000100000000)
  eden space 4608K, 0% used [0x00000000d5580000,0x00000000d5580000,0x00000000d5a00000)
  from space 512K, 18% used [0x00000000d5f80000,0x00000000d5f98000,0x00000000d6000000)
  to   space 512K, 0% used [0x00000000d5f00000,0x00000000d5f00000,0x00000000d5f80000)
 ParOldGen       total 160768K, used 160744K [0x0000000080000000, 0x0000000089d00000, 0x00000000d5580000)
  object space 160768K, 99% used [0x0000000080000000,0x0000000089cfa308,0x0000000089d00000)
 Metaspace       used 29212K, committed 30400K, reserved 1114112K
  class space    used 2859K, committed 3328K, reserved 1048576K
}

