# JRE version: Java(TM) SE Runtime Environment (26.0+35) (build 26+35-2893)
# Java VM: Java HotSpot(TM) 64-Bit Server VM (26+35-2893, mixed mode, sharing, tiered, compressed oops, compressed class ptrs, g1 gc, windows-amd64)
GC Precious Log:
 CardTable entry size: 512
 Card Set container configuration: InlinePtr #cards 5 size 8 Array Of Cards #cards 10 size 36 Howl #buckets 4 coarsen threshold 1843 Howl Bitmap #cards 512 size 80 coarsen threshold 460 Card regions per heap region 1 cards per card region 2048
 CPUs: 4 total, 4 available
 Memory: 8098M
 Large Page Support: Disabled
 NUMA Support: Disabled
 Compressed Oops: Enabled (32-bit)
 Heap Region Size: 1M
 Heap Min Capacity: 8M
 Heap Initial Capacity: 8M
 Heap Max Capacity: 2026M
 Pre-touch: Disabled
 Parallel Workers: 4
 Concurrent Workers: 1
 Concurrent Refinement Workers: 4
 Periodic GC: Disabled
Heap:
 garbage-first heap   total reserved 2074624K, committed 32768K, used 25984K [0x0000000081600000, 0x0000000100000000)
  region size 1M, 5 eden (5M), 2 survivor (2M), 19 old (19M), 2 humongous (2M), 4 free (4M)
GC Heap Usage History (20 events):
Event: 3.359 {heap Before GC invocations=11 (full 0):
 garbage-first heap   total reserved 2074624K, committed 32768K, used 25910K [0x0000000081600000, 0x0000000100000000)
  region size 1M, 14 eden (14M), 2 survivor (2M), 8 old (8M), 2 humongous (2M), 6 free (6M)
}
Event: 3.365 {heap After GC invocations=12 (full 0):
 garbage-first heap   total reserved 2074624K, committed 32768K, used 12910K [0x0000000081600000, 0x0000000100000000)
  region size 1M, 0 eden (0M), 2 survivor (2M), 10 old (10M), 2 humongous (2M), 18 free (18M)
}
Event: 3.884 {heap Before GC invocations=12 (full 0):
 garbage-first heap   total reserved 2074624K, committed 32768K, used 25198K [0x0000000081600000, 0x0000000100000000)
  region size 1M, 13 eden (13M), 2 survivor (2M), 10 old (10M), 2 humongous (2M), 5 free (5M)
}
Event: 3.886 {heap After GC invocations=13 (full 0):
 garbage-first heap   total reserved 2074624K, committed 32768K, used 13579K [0x0000000081600000, 0x0000000100000000)
  region size 1M, 0 eden (0M), 1 survivor (1M), 11 old (11M), 2 humongous (2M), 18 free (18M)
}
Event: 4.100 {heap Before GC invocations=13 (full 0):
 garbage-first heap   total reserved 2074624K, committed 32768K, used 23819K [0x0000000081600000, 0x0000000100000000)
  region size 1M, 12 eden (12M), 1 survivor (1M), 11 old (11M), 2 humongous (2M), 6 free (6M)
}
Event: 4.102 {heap After GC invocations=14 (full 0):
 garbage-first heap   total reserved 2074624K, committed 32768K, used 14713K [0x0000000081600000, 0x0000000100000000)
  region size 1M, 0 eden (0M), 2 survivor (2M), 11 old (11M), 2 humongous (2M), 17 free (17M)
}
Event: 4.400 {heap Before GC invocations=15 (full 0):
 garbage-first heap   total reserved 2074624K, committed 32768K, used 25977K [0x0000000081600000, 0x0000000100000000)
  region size 1M, 12 eden (12M), 2 survivor (2M), 11 old (11M), 2 humongous (2M), 5 free (5M)
}
Event: 4.403 {heap After GC invocations=16 (full 0):
 garbage-first heap   total reserved 2074624K, committed 32768K, used 16471K [0x0000000081600000, 0x0000000100000000)
  region size 1M, 0 eden (0M), 2 survivor (2M), 13 old (13M), 2 humongous (2M), 15 free (15M)
}
Event: 4.623 {heap Before GC invocations=16 (full 0):
 garbage-first heap   total reserved 2074624K, committed 32768K, used 26711K [0x0000000081600000, 0x0000000100000000)
  region size 1M, 10 eden (10M), 2 survivor (2M), 13 old (13M), 2 humongous (2M), 5 free (5M)
}
Event: 4.625 {heap After GC invocations=17 (full 0):
 garbage-first heap   total reserved 2074624K, committed 32768K, used 17997K [0x0000000081600000, 0x0000000100000000)
  region size 1M, 0 eden (0M), 2 survivor (2M), 14 old (14M), 2 humongous (2M), 14 free (14M)
}
Event: 4.968 {heap Before GC invocations=17 (full 0):
 garbage-first heap   total reserved 2074624K, committed 32768K, used 28237K [0x0000000081600000, 0x0000000100000000)
  region size 1M, 10 eden (10M), 2 survivor (2M), 14 old (14M), 2 humongous (2M), 4 free (4M)
}
Event: 4.978 {heap After GC invocations=18 (full 0):
 garbage-first heap   total reserved 2074624K, committed 32768K, used 19823K [0x0000000081600000, 0x0000000100000000)
  region size 1M, 0 eden (0M), 2 survivor (2M), 16 old (16M), 2 humongous (2M), 12 free (12M)
}
Event: 5.487 {heap Before GC invocations=19 (full 0):
 garbage-first heap   total reserved 2074624K, committed 32768K, used 28015K [0x0000000081600000, 0x0000000100000000)
  region size 1M, 8 eden (8M), 2 survivor (2M), 16 old (16M), 2 humongous (2M), 4 free (4M)
}
Event: 5.490 {heap After GC invocations=20 (full 0):
 garbage-first heap   total reserved 2074624K, committed 32768K, used 20786K [0x0000000081600000, 0x0000000100000000)
  region size 1M, 0 eden (0M), 1 survivor (1M), 18 old (18M), 2 humongous (2M), 11 free (11M)
}
Event: 5.961 {heap Before GC invocations=20 (full 0):
 garbage-first heap   total reserved 2074624K, committed 32768K, used 28978K [0x0000000081600000, 0x0000000100000000)
  region size 1M, 8 eden (8M), 1 survivor (1M), 18 old (18M), 2 humongous (2M), 3 free (3M)
}
Event: 5.969 {heap After GC invocations=21 (full 0):
 garbage-first heap   total reserved 2074624K, committed 32768K, used 21229K [0x0000000081600000, 0x0000000100000000)
  region size 1M, 0 eden (0M), 2 survivor (2M), 18 old (18M), 2 humongous (2M), 10 free (10M)
}
Event: 6.327 {heap Before GC invocations=21 (full 0):
 garbage-first heap   total reserved 2074624K, committed 32768K, used 28397K [0x0000000081600000, 0x0000000100000000)
  region size 1M, 7 eden (7M), 2 survivor (2M), 18 old (18M), 2 humongous (2M), 3 free (3M)
}
Event: 6.335 {heap After GC invocations=22 (full 0):
 garbage-first heap   total reserved 2074624K, committed 32768K, used 21942K [0x0000000081600000, 0x0000000100000000)
  region size 1M, 0 eden (0M), 2 survivor (2M), 18 old (18M), 2 humongous (2M), 10 free (10M)
}
Event: 6.647 {heap Before GC invocations=23 (full 0):
 garbage-first heap   total reserved 2074624K, committed 32768K, used 29110K [0x0000000081600000, 0x0000000100000000)
  region size 1M, 7 eden (7M), 2 survivor (2M), 18 old (18M), 2 humongous (2M), 3 free (3M)
}
Event: 6.651 {heap After GC invocations=24 (full 0):
 garbage-first heap   total reserved 2074624K, committed 32768K, used 22912K [0x0000000081600000, 0x0000000100000000)
  region size 1M, 0 eden (0M), 2 survivor (2M), 19 old (19M), 2 humongous (2M), 9 free (9M)
}

