# JRE version: OpenJDK Runtime Environment Temurin-21.0.10+7 (21.0.10+7) (build 21.0.10+7-LTS)
# Java VM: OpenJDK 64-Bit Server VM Temurin-21.0.10+7 (21.0.10+7-LTS, mixed mode, sharing, tiered, compressed oops, compressed class ptrs, parallel gc, windows-amd64)
GC Precious Log:
 CardTable entry size: 512
 CPUs: 4 total, 4 available
 Memory: 8098M
 Large Page Support: Disabled
 NUMA Support: Disabled
 Compressed Oops: Enabled (32-bit)
 Alignments: Space 512K, Generation 512K, Heap 2M
 Heap Min Capacity: 100M
 Heap Initial Capacity: 100M
 Heap Max Capacity: 2G
 Pre-touch: Disabled
 Parallel Workers: 4
Heap:
 PSYoungGen      total 6656K, used 3808K [0x00000000d5580000, 0x00000000d5d00000, 0x0000000100000000)
  eden space 5632K, 50% used [0x00000000d5580000,0x00000000d584b558,0x00000000d5b00000)
  from space 1024K, 92% used [0x00000000d5c00000,0x00000000d5cecc80,0x00000000d5d00000)
  to   space 1024K, 0% used [0x00000000d5b00000,0x00000000d5b00000,0x00000000d5c00000)
 ParOldGen       total 173568K, used 173435K [0x0000000080000000, 0x000000008a980000, 0x00000000d5580000)
  object space 173568K, 99% used [0x0000000080000000,0x000000008a95ef10,0x000000008a980000)
 Metaspace       used 84858K, committed 86336K, reserved 1179648K
  class space    used 8050K, committed 8704K, reserved 1048576K
GC Heap History (20 events):
Event: 66.777 GC heap before
{Heap before GC invocations=311 (full 3):
 PSYoungGen      total 5632K, used 5350K [0x00000000d5580000, 0x00000000d5c00000, 0x0000000100000000)
  eden space 4608K, 99% used [0x00000000d5580000,0x00000000d59fd1b0,0x00000000d5a00000)
  from space 1024K, 73% used [0x00000000d5a00000,0x00000000d5abc6c8,0x00000000d5b00000)
  to   space 1024K, 0% used [0x00000000d5b00000,0x00000000d5b00000,0x00000000d5c00000)
 ParOldGen       total 161280K, used 160860K [0x0000000080000000, 0x0000000089d80000, 0x00000000d5580000)
  object space 161280K, 99% used [0x0000000080000000,0x0000000089d170f8,0x0000000089d80000)
 Metaspace       used 84857K, committed 86336K, reserved 1179648K
  class space    used 8050K, committed 8704K, reserved 1048576K
}
Event: 66.778 GC heap after
{Heap after GC invocations=311 (full 3):
 PSYoungGen      total 5632K, used 795K [0x00000000d5580000, 0x00000000d5c00000, 0x0000000100000000)
  eden space 4608K, 0% used [0x00000000d5580000,0x00000000d5580000,0x00000000d5a00000)
  from space 1024K, 77% used [0x00000000d5b00000,0x00000000d5bc6e70,0x00000000d5c00000)
  to   space 1024K, 0% used [0x00000000d5a00000,0x00000000d5a00000,0x00000000d5b00000)
 ParOldGen       total 161792K, used 161528K [0x0000000080000000, 0x0000000089e00000, 0x00000000d5580000)
  object space 161792K, 99% used [0x0000000080000000,0x0000000089dbe218,0x0000000089e00000)
 Metaspace       used 84857K, committed 86336K, reserved 1179648K
  class space    used 8050K, committed 8704K, reserved 1048576K
}
Event: 66.812 GC heap before
{Heap before GC invocations=312 (full 3):
 PSYoungGen      total 5632K, used 5403K [0x00000000d5580000, 0x00000000d5c00000, 0x0000000100000000)
  eden space 4608K, 100% used [0x00000000d5580000,0x00000000d5a00000,0x00000000d5a00000)
  from space 1024K, 77% used [0x00000000d5b00000,0x00000000d5bc6e70,0x00000000d5c00000)
  to   space 1024K, 0% used [0x00000000d5a00000,0x00000000d5a00000,0x00000000d5b00000)
 ParOldGen       total 161792K, used 161528K [0x0000000080000000, 0x0000000089e00000, 0x00000000d5580000)
  object space 161792K, 99% used [0x0000000080000000,0x0000000089dbe218,0x0000000089e00000)
 Metaspace       used 84857K, committed 86336K, reserved 1179648K
  class space    used 8050K, committed 8704K, reserved 1048576K
}
Event: 66.817 GC heap after
{Heap after GC invocations=312 (full 3):
 PSYoungGen      total 5632K, used 744K [0x00000000d5580000, 0x00000000d5c00000, 0x0000000100000000)
  eden space 4608K, 0% used [0x00000000d5580000,0x00000000d5580000,0x00000000d5a00000)
  from space 1024K, 72% used [0x00000000d5a00000,0x00000000d5aba330,0x00000000d5b00000)
  to   space 1024K, 0% used [0x00000000d5b00000,0x00000000d5b00000,0x00000000d5c00000)
 ParOldGen       total 162304K, used 162205K [0x0000000080000000, 0x0000000089e80000, 0x00000000d5580000)
  object space 162304K, 99% used [0x0000000080000000,0x0000000089e67408,0x0000000089e80000)
 Metaspace       used 84857K, committed 86336K, reserved 1179648K
  class space    used 8050K, committed 8704K, reserved 1048576K
}
Event: 66.844 GC heap before
{Heap before GC invocations=313 (full 3):
 PSYoungGen      total 5632K, used 5338K [0x00000000d5580000, 0x00000000d5c00000, 0x0000000100000000)
  eden space 4608K, 99% used [0x00000000d5580000,0x00000000d59fc800,0x00000000d5a00000)
  from space 1024K, 72% used [0x00000000d5a00000,0x00000000d5aba330,0x00000000d5b00000)
  to   space 1024K, 0% used [0x00000000d5b00000,0x00000000d5b00000,0x00000000d5c00000)
 ParOldGen       total 162304K, used 162205K [0x0000000080000000, 0x0000000089e80000, 0x00000000d5580000)
  object space 162304K, 99% used [0x0000000080000000,0x0000000089e67408,0x0000000089e80000)
 Metaspace       used 84857K, committed 86336K, reserved 1179648K
  class space    used 8050K, committed 8704K, reserved 1048576K
}
Event: 66.850 GC heap after
{Heap after GC invocations=313 (full 3):
 PSYoungGen      total 5632K, used 758K [0x00000000d5580000, 0x00000000d5c00000, 0x0000000100000000)
  eden space 4608K, 0% used [0x00000000d5580000,0x00000000d5580000,0x00000000d5a00000)
  from space 1024K, 74% used [0x00000000d5b00000,0x00000000d5bbd8b0,0x00000000d5c00000)
  to   space 1024K, 0% used [0x00000000d5a00000,0x00000000d5a00000,0x00000000d5b00000)
 ParOldGen       total 163328K, used 162889K [0x0000000080000000, 0x0000000089f80000, 0x00000000d5580000)
  object space 163328K, 99% used [0x0000000080000000,0x0000000089f12448,0x0000000089f80000)
 Metaspace       used 84857K, committed 86336K, reserved 1179648K
  class space    used 8050K, committed 8704K, reserved 1048576K
}
Event: 66.885 GC heap before
{Heap before GC invocations=314 (full 3):
 PSYoungGen      total 5632K, used 5366K [0x00000000d5580000, 0x00000000d5c00000, 0x0000000100000000)
  eden space 4608K, 100% used [0x00000000d5580000,0x00000000d5a00000,0x00000000d5a00000)
  from space 1024K, 74% used [0x00000000d5b00000,0x00000000d5bbd8b0,0x00000000d5c00000)
  to   space 1024K, 0% used [0x00000000d5a00000,0x00000000d5a00000,0x00000000d5b00000)
 ParOldGen       total 163328K, used 162889K [0x0000000080000000, 0x0000000089f80000, 0x00000000d5580000)
  object space 163328K, 99% used [0x0000000080000000,0x0000000089f12448,0x0000000089f80000)
 Metaspace       used 84857K, committed 86336K, reserved 1179648K
  class space    used 8050K, committed 8704K, reserved 1048576K
}
Event: 66.886 GC heap after
{Heap after GC invocations=314 (full 3):
 PSYoungGen      total 5632K, used 778K [0x00000000d5580000, 0x00000000d5c00000, 0x0000000100000000)
  eden space 4608K, 0% used [0x00000000d5580000,0x00000000d5580000,0x00000000d5a00000)
  from space 1024K, 75% used [0x00000000d5a00000,0x00000000d5ac28a8,0x00000000d5b00000)
  to   space 1024K, 0% used [0x00000000d5b00000,0x00000000d5b00000,0x00000000d5c00000)
 ParOldGen       total 163840K, used 163564K [0x0000000080000000, 0x000000008a000000, 0x00000000d5580000)
  object space 163840K, 99% used [0x0000000080000000,0x0000000089fbb2b0,0x000000008a000000)
 Metaspace       used 84857K, committed 86336K, reserved 1179648K
  class space    used 8050K, committed 8704K, reserved 1048576K
}
Event: 66.911 GC heap before
{Heap before GC invocations=315 (full 3):
 PSYoungGen      total 5632K, used 5386K [0x00000000d5580000, 0x00000000d5c00000, 0x0000000100000000)
  eden space 4608K, 100% used [0x00000000d5580000,0x00000000d5a00000,0x00000000d5a00000)
  from space 1024K, 75% used [0x00000000d5a00000,0x00000000d5ac28a8,0x00000000d5b00000)
  to   space 1024K, 0% used [0x00000000d5b00000,0x00000000d5b00000,0x00000000d5c00000)
 ParOldGen       total 163840K, used 163564K [0x0000000080000000, 0x000000008a000000, 0x00000000d5580000)
  object space 163840K, 99% used [0x0000000080000000,0x0000000089fbb2b0,0x000000008a000000)
 Metaspace       used 84857K, committed 86336K, reserved 1179648K
  class space    used 8050K, committed 8704K, reserved 1048576K
}
Event: 66.913 GC heap after
{Heap after GC invocations=315 (full 3):
 PSYoungGen      total 5632K, used 766K [0x00000000d5580000, 0x00000000d5c00000, 0x0000000100000000)
  eden space 4608K, 0% used [0x00000000d5580000,0x00000000d5580000,0x00000000d5a00000)
  from space 1024K, 74% used [0x00000000d5b00000,0x00000000d5bbf888,0x00000000d5c00000)
  to   space 1024K, 0% used [0x00000000d5a00000,0x00000000d5a00000,0x00000000d5b00000)
 ParOldGen       total 164352K, used 164325K [0x0000000080000000, 0x000000008a080000, 0x00000000d5580000)
  object space 164352K, 99% used [0x0000000080000000,0x000000008a0797d0,0x000000008a080000)
 Metaspace       used 84857K, committed 86336K, reserved 1179648K
  class space    used 8050K, committed 8704K, reserved 1048576K
}
Event: 66.947 GC heap before
{Heap before GC invocations=316 (full 3):
 PSYoungGen      total 5632K, used 5374K [0x00000000d5580000, 0x00000000d5c00000, 0x0000000100000000)
  eden space 4608K, 100% used [0x00000000d5580000,0x00000000d5a00000,0x00000000d5a00000)
  from space 1024K, 74% used [0x00000000d5b00000,0x00000000d5bbf888,0x00000000d5c00000)
  to   space 1024K, 0% used [0x00000000d5a00000,0x00000000d5a00000,0x00000000d5b00000)
 ParOldGen       total 164352K, used 164325K [0x0000000080000000, 0x000000008a080000, 0x00000000d5580000)
  object space 164352K, 99% used [0x0000000080000000,0x000000008a0797d0,0x000000008a080000)
 Metaspace       used 84857K, committed 86336K, reserved 1179648K
  class space    used 8050K, committed 8704K, reserved 1048576K
}
Event: 66.949 GC heap after
{Heap after GC invocations=316 (full 3):
 PSYoungGen      total 5632K, used 786K [0x00000000d5580000, 0x00000000d5c00000, 0x0000000100000000)
  eden space 4608K, 0% used [0x00000000d5580000,0x00000000d5580000,0x00000000d5a00000)
  from space 1024K, 76% used [0x00000000d5a00000,0x00000000d5ac4af8,0x00000000d5b00000)
  to   space 1024K, 0% used [0x00000000d5b00000,0x00000000d5b00000,0x00000000d5c00000)
 ParOldGen       total 165376K, used 164990K [0x0000000080000000, 0x000000008a180000, 0x00000000d5580000)
  object space 165376K, 99% used [0x0000000080000000,0x000000008a11fb00,0x000000008a180000)
 Metaspace       used 84857K, committed 86336K, reserved 1179648K
  class space    used 8050K, committed 8704K, reserved 1048576K
}
Event: 67.026 GC heap before
{Heap before GC invocations=317 (full 3):
 PSYoungGen      total 5632K, used 5394K [0x00000000d5580000, 0x00000000d5c00000, 0x0000000100000000)
  eden space 4608K, 100% used [0x00000000d5580000,0x00000000d5a00000,0x00000000d5a00000)
  from space 1024K, 76% used [0x00000000d5a00000,0x00000000d5ac4af8,0x00000000d5b00000)
  to   space 1024K, 0% used [0x00000000d5b00000,0x00000000d5b00000,0x00000000d5c00000)
 ParOldGen       total 165376K, used 164990K [0x0000000080000000, 0x000000008a180000, 0x00000000d5580000)
  object space 165376K, 99% used [0x0000000080000000,0x000000008a11fb00,0x000000008a180000)
 Metaspace       used 84857K, committed 86336K, reserved 1179648K
  class space    used 8050K, committed 8704K, reserved 1048576K
}
Event: 67.028 GC heap after
{Heap after GC invocations=317 (full 3):
 PSYoungGen      total 5632K, used 798K [0x00000000d5580000, 0x00000000d5c00000, 0x0000000100000000)
  eden space 4608K, 0% used [0x00000000d5580000,0x00000000d5580000,0x00000000d5a00000)
  from space 1024K, 77% used [0x00000000d5b00000,0x00000000d5bc7a38,0x00000000d5c00000)
  to   space 1024K, 0% used [0x00000000d5a00000,0x00000000d5a00000,0x00000000d5b00000)
 ParOldGen       total 165888K, used 165713K [0x0000000080000000, 0x000000008a200000, 0x00000000d5580000)
  object space 165888K, 99% used [0x0000000080000000,0x000000008a1d4568,0x000000008a200000)
 Metaspace       used 84857K, committed 86336K, reserved 1179648K
  class space    used 8050K, committed 8704K, reserved 1048576K
}
Event: 67.050 GC heap before
{Heap before GC invocations=318 (full 3):
 PSYoungGen      total 5632K, used 5406K [0x00000000d5580000, 0x00000000d5c00000, 0x0000000100000000)
  eden space 4608K, 100% used [0x00000000d5580000,0x00000000d5a00000,0x00000000d5a00000)
  from space 1024K, 77% used [0x00000000d5b00000,0x00000000d5bc7a38,0x00000000d5c00000)
  to   space 1024K, 0% used [0x00000000d5a00000,0x00000000d5a00000,0x00000000d5b00000)
 ParOldGen       total 165888K, used 165713K [0x0000000080000000, 0x000000008a200000, 0x00000000d5580000)
  object space 165888K, 99% used [0x0000000080000000,0x000000008a1d4568,0x000000008a200000)
 Metaspace       used 84857K, committed 86336K, reserved 1179648K
  class space    used 8050K, committed 8704K, reserved 1048576K
}
Event: 67.052 GC heap after
{Heap after GC invocations=318 (full 3):
 PSYoungGen      total 5632K, used 815K [0x00000000d5580000, 0x00000000d5c00000, 0x0000000100000000)
  eden space 4608K, 0% used [0x00000000d5580000,0x00000000d5580000,0x00000000d5a00000)
  from space 1024K, 79% used [0x00000000d5a00000,0x00000000d5acbc50,0x00000000d5b00000)
  to   space 1024K, 0% used [0x00000000d5b00000,0x00000000d5b00000,0x00000000d5c00000)
 ParOldGen       total 166400K, used 166395K [0x0000000080000000, 0x000000008a280000, 0x00000000d5580000)
  object space 166400K, 99% used [0x0000000080000000,0x000000008a27ed30,0x000000008a280000)
 Metaspace       used 84857K, committed 86336K, reserved 1179648K
  class space    used 8050K, committed 8704K, reserved 1048576K
}
Event: 67.067 GC heap before
{Heap before GC invocations=319 (full 3):
 PSYoungGen      total 5632K, used 5423K [0x00000000d5580000, 0x00000000d5c00000, 0x0000000100000000)
  eden space 4608K, 100% used [0x00000000d5580000,0x00000000d5a00000,0x00000000d5a00000)
  from space 1024K, 79% used [0x00000000d5a00000,0x00000000d5acbc50,0x00000000d5b00000)
  to   space 1024K, 0% used [0x00000000d5b00000,0x00000000d5b00000,0x00000000d5c00000)
 ParOldGen       total 166400K, used 166395K [0x0000000080000000, 0x000000008a280000, 0x00000000d5580000)
  object space 166400K, 99% used [0x0000000080000000,0x000000008a27ed30,0x000000008a280000)
 Metaspace       used 84857K, committed 86336K, reserved 1179648K
  class space    used 8050K, committed 8704K, reserved 1048576K
}
Event: 67.119 GC heap after
{Heap after GC invocations=319 (full 3):
 PSYoungGen      total 5632K, used 755K [0x00000000d5580000, 0x00000000d5d00000, 0x0000000100000000)
  eden space 4608K, 0% used [0x00000000d5580000,0x00000000d5580000,0x00000000d5a00000)
  from space 1024K, 73% used [0x00000000d5b00000,0x00000000d5bbcf98,0x00000000d5c00000)
  to   space 1024K, 0% used [0x00000000d5a00000,0x00000000d5a00000,0x00000000d5b00000)
 ParOldGen       total 167424K, used 167152K [0x0000000080000000, 0x000000008a380000, 0x00000000d5580000)
  object space 167424K, 99% used [0x0000000080000000,0x000000008a33c0d0,0x000000008a380000)
 Metaspace       used 84857K, committed 86336K, reserved 1179648K
  class space    used 8050K, committed 8704K, reserved 1048576K
}
Event: 67.143 GC heap before
{Heap before GC invocations=320 (full 3):
 PSYoungGen      total 5632K, used 5360K [0x00000000d5580000, 0x00000000d5d00000, 0x0000000100000000)
  eden space 4608K, 99% used [0x00000000d5580000,0x00000000d59ff3c8,0x00000000d5a00000)
  from space 1024K, 73% used [0x00000000d5b00000,0x00000000d5bbcf98,0x00000000d5c00000)
  to   space 1024K, 0% used [0x00000000d5a00000,0x00000000d5a00000,0x00000000d5b00000)
 ParOldGen       total 167424K, used 167152K [0x0000000080000000, 0x000000008a380000, 0x00000000d5580000)
  object space 167424K, 99% used [0x0000000080000000,0x000000008a33c0d0,0x000000008a380000)
 Metaspace       used 84857K, committed 86336K, reserved 1179648K
  class space    used 8050K, committed 8704K, reserved 1048576K
}
Event: 67.145 GC heap after
{Heap after GC invocations=320 (full 3):
 PSYoungGen      total 5632K, used 775K [0x00000000d5580000, 0x00000000d5d00000, 0x0000000100000000)
  eden space 4608K, 0% used [0x00000000d5580000,0x00000000d5580000,0x00000000d5a00000)
  from space 1024K, 75% used [0x00000000d5a00000,0x00000000d5ac1f38,0x00000000d5b00000)
  to   space 1024K, 0% used [0x00000000d5c00000,0x00000000d5c00000,0x00000000d5d00000)
 ParOldGen       total 167936K, used 167859K [0x0000000080000000, 0x000000008a400000, 0x00000000d5580000)
  object space 167936K, 99% used [0x0000000080000000,0x000000008a3ecff0,0x000000008a400000)
 Metaspace       used 84857K, committed 86336K, reserved 1179648K
  class space    used 8050K, committed 8704K, reserved 1048576K
}

