# JRE version: Java(TM) SE Runtime Environment (26.0+35) (build 26+35-2893)
# Java VM: Java HotSpot(TM) 64-Bit Server VM (26+35-2893, mixed mode, sharing, tiered, compressed oops, compressed class ptrs, g1 gc, windows-amd64)
GC Precious Log:
 CardTable entry size: 512
 Card Set container configuration: InlinePtr #cards 5 size 8 Array Of Cards #cards 10 size 36 Howl #buckets 4 coarsen threshold 1843 Howl Bitmap #cards 512 size 80 coarsen threshold 460 Card regions per heap region 1 cards per card region 2048
 CPUs: 4 total, 4 available
 Memory: 8098M
 Large Page Support: Disabled
 NUMA Support: Disabled
 Compressed Oops: Enabled (32-bit)
 Heap Region Size: 1M
 Heap Min Capacity: 8M
 Heap Initial Capacity: 8M
 Heap Max Capacity: 2026M
 Pre-touch: Disabled
 Parallel Workers: 4
 Concurrent Workers: 1
 Concurrent Refinement Workers: 4
 Periodic GC: Disabled
Heap:
 garbage-first heap   total reserved 2074624K, committed 211968K, used 95698K [0x0000000081600000, 0x0000000100000000)
  region size 1M, 50 eden (50M), 8 survivor (8M), 34 old (34M), 4 humongous (4M), 111 free (111M)
GC Heap Usage History (20 events):
Event: 4.946 {heap Before GC invocations=22 (full 0):
 garbage-first heap   total reserved 2074624K, committed 52224K, used 37866K [0x0000000081600000, 0x0000000100000000)
  region size 1M, 26 eden (26M), 1 survivor (1M), 11 old (11M), 0 humongous (0M), 13 free (13M)
}
Event: 4.955 {heap After GC invocations=23 (full 0):
 garbage-first heap   total reserved 2074624K, committed 52224K, used 16313K [0x0000000081600000, 0x0000000100000000)
  region size 1M, 0 eden (0M), 4 survivor (4M), 12 old (12M), 0 humongous (0M), 35 free (35M)
}
Event: 5.646 {heap Before GC invocations=23 (full 0):
 garbage-first heap   total reserved 2074624K, committed 52224K, used 35769K [0x0000000081600000, 0x0000000100000000)
  region size 1M, 19 eden (19M), 4 survivor (4M), 12 old (12M), 0 humongous (0M), 16 free (16M)
}
Event: 5.653 {heap After GC invocations=24 (full 0):
 garbage-first heap   total reserved 2074624K, committed 52224K, used 19077K [0x0000000081600000, 0x0000000100000000)
  region size 1M, 0 eden (0M), 3 survivor (3M), 16 old (16M), 0 humongous (0M), 32 free (32M)
}
Event: 5.865 {heap Before GC invocations=24 (full 0):
 garbage-first heap   total reserved 2074624K, committed 52224K, used 38533K [0x0000000081600000, 0x0000000100000000)
  region size 1M, 19 eden (19M), 3 survivor (3M), 16 old (16M), 0 humongous (0M), 13 free (13M)
}
Event: 5.870 {heap After GC invocations=25 (full 0):
 garbage-first heap   total reserved 2074624K, committed 52224K, used 20140K [0x0000000081600000, 0x0000000100000000)
  region size 1M, 0 eden (0M), 1 survivor (1M), 19 old (19M), 0 humongous (0M), 31 free (31M)
}
Event: 6.190 {heap Before GC invocations=25 (full 0):
 garbage-first heap   total reserved 2074624K, committed 52224K, used 41644K [0x0000000081600000, 0x0000000100000000)
  region size 1M, 21 eden (21M), 1 survivor (1M), 19 old (19M), 0 humongous (0M), 10 free (10M)
}
Event: 6.193 {heap After GC invocations=26 (full 0):
 garbage-first heap   total reserved 2074624K, committed 52224K, used 21088K [0x0000000081600000, 0x0000000100000000)
  region size 1M, 0 eden (0M), 2 survivor (2M), 19 old (19M), 0 humongous (0M), 30 free (30M)
}
Event: 6.298 {heap Before GC invocations=26 (full 0):
 garbage-first heap   total reserved 2074624K, committed 52224K, used 25184K [0x0000000081600000, 0x0000000100000000)
  region size 1M, 5 eden (5M), 2 survivor (2M), 19 old (19M), 0 humongous (0M), 25 free (25M)
}
Event: 6.301 {heap After GC invocations=27 (full 0):
 garbage-first heap   total reserved 2074624K, committed 52224K, used 21124K [0x0000000081600000, 0x0000000100000000)
  region size 1M, 0 eden (0M), 1 survivor (1M), 20 old (20M), 0 humongous (0M), 30 free (30M)
}
Event: 6.494 {heap Before GC invocations=28 (full 0):
 garbage-first heap   total reserved 2074624K, committed 64512K, used 64132K [0x0000000081600000, 0x0000000100000000)
  region size 1M, 10 eden (10M), 1 survivor (1M), 20 old (20M), 32 humongous (32M), 0 free (0M)
}
Event: 6.497 {heap After GC invocations=29 (full 0):
 garbage-first heap   total reserved 2074624K, committed 66560K, used 21792K [0x0000000081600000, 0x0000000100000000)
  region size 1M, 0 eden (0M), 2 survivor (2M), 20 old (20M), 0 humongous (0M), 43 free (43M)
}
Event: 7.528 {heap Before GC invocations=29 (full 0):
 garbage-first heap   total reserved 2074624K, committed 66560K, used 59680K [0x0000000081600000, 0x0000000100000000)
  region size 1M, 31 eden (31M), 2 survivor (2M), 20 old (20M), 7 humongous (7M), 5 free (5M)
}
Event: 7.540 {heap After GC invocations=30 (full 0):
 garbage-first heap   total reserved 2074624K, committed 70656K, used 34762K [0x0000000081600000, 0x0000000100000000)
  region size 1M, 0 eden (0M), 5 survivor (5M), 23 old (23M), 6 humongous (6M), 35 free (35M)
}
Event: 7.610 {heap Before GC invocations=30 (full 0):
 garbage-first heap   total reserved 2074624K, committed 70656K, used 38858K [0x0000000081600000, 0x0000000100000000)
  region size 1M, 5 eden (5M), 5 survivor (5M), 23 old (23M), 6 humongous (6M), 30 free (30M)
}
Event: 7.617 {heap After GC invocations=31 (full 0):
 garbage-first heap   total reserved 2074624K, committed 70656K, used 36543K [0x0000000081600000, 0x0000000100000000)
  region size 1M, 0 eden (0M), 2 survivor (2M), 28 old (28M), 6 humongous (6M), 33 free (33M)
}
Event: 7.797 {heap Before GC invocations=32 (full 0):
 garbage-first heap   total reserved 2074624K, committed 70656K, used 55999K [0x0000000081600000, 0x0000000100000000)
  region size 1M, 21 eden (21M), 2 survivor (2M), 28 old (28M), 4 humongous (4M), 14 free (14M)
}
Event: 7.804 {heap After GC invocations=33 (full 0):
 garbage-first heap   total reserved 2074624K, committed 211968K, used 40846K [0x0000000081600000, 0x0000000100000000)
  region size 1M, 0 eden (0M), 3 survivor (3M), 33 old (33M), 4 humongous (4M), 167 free (167M)
}
Event: 9.710 {heap Before GC invocations=33 (full 0):
 garbage-first heap   total reserved 2074624K, committed 211968K, used 118670K [0x0000000081600000, 0x0000000100000000)
  region size 1M, 77 eden (77M), 3 survivor (3M), 33 old (33M), 4 humongous (4M), 90 free (90M)
}
Event: 9.717 {heap After GC invocations=34 (full 0):
 garbage-first heap   total reserved 2074624K, committed 211968K, used 45522K [0x0000000081600000, 0x0000000100000000)
  region size 1M, 0 eden (0M), 8 survivor (8M), 34 old (34M), 4 humongous (4M), 161 free (161M)
}

